{"/home/travis/build/npmtest/node-npmtest-jenkins/test.js":{"path":"/home/travis/build/npmtest/node-npmtest-jenkins/test.js","s":{"1":2,"2":2,"3":2,"4":2,"5":2,"6":2,"7":2,"8":1,"9":2,"10":2,"11":1,"12":1,"13":1,"14":1,"15":2,"16":2,"17":2,"18":2,"19":1,"20":1,"21":2,"22":2,"23":2,"24":1,"25":1,"26":1,"27":1,"28":1,"29":1,"30":1,"31":1,"32":1,"33":1,"34":1,"35":1,"36":1,"37":1,"38":1,"39":2,"40":2,"41":1,"42":2,"43":2,"44":1,"45":2,"46":2,"47":1,"48":2,"49":2,"50":1,"51":1,"52":1,"53":1,"54":1},"b":{"1":[2,1,1,1],"2":[1,1,1,1],"3":[1,1],"4":[1,1],"5":[1,1],"6":[1,1],"7":[1,1],"8":[1,1],"9":[1,1],"10":[1,1,1],"11":[1,1],"12":[1,1],"13":[1,1],"14":[1,1],"15":[1,1],"16":[1,1],"17":[1,1]},"f":{"1":2,"2":2,"3":2,"4":2,"5":2,"6":1,"7":1,"8":1,"9":2,"10":2,"11":2,"12":2,"13":1},"fnMap":{"1":{"name":"(anonymous_1)","line":12,"loc":{"start":{"line":12,"column":1},"end":{"line":12,"column":13}}},"2":{"name":"(anonymous_2)","line":19,"loc":{"start":{"line":19,"column":5},"end":{"line":19,"column":17}}},"3":{"name":"(anonymous_3)","line":23,"loc":{"start":{"line":23,"column":24},"end":{"line":23,"column":36}}},"4":{"name":"(anonymous_4)","line":61,"loc":{"start":{"line":61,"column":5},"end":{"line":61,"column":17}}},"5":{"name":"(anonymous_5)","line":82,"loc":{"start":{"line":82,"column":5},"end":{"line":82,"column":17}}},"6":{"name":"(anonymous_6)","line":91,"loc":{"start":{"line":91,"column":77},"end":{"line":94,"column":10}}},"7":{"name":"(anonymous_7)","line":112,"loc":{"start":{"line":112,"column":83},"end":{"line":115,"column":10}},"skip":true},"8":{"name":"(anonymous_8)","line":123,"loc":{"start":{"line":123,"column":77},"end":{"line":126,"column":10}},"skip":true},"9":{"name":"(anonymous_9)","line":139,"loc":{"start":{"line":139,"column":12},"end":{"line":139,"column":40}},"skip":true},"10":{"name":"(anonymous_10)","line":147,"loc":{"start":{"line":147,"column":77},"end":{"line":150,"column":10}},"skip":true},"11":{"name":"(anonymous_11)","line":158,"loc":{"start":{"line":158,"column":83},"end":{"line":161,"column":10}},"skip":true},"12":{"name":"(anonymous_12)","line":169,"loc":{"start":{"line":169,"column":79},"end":{"line":172,"column":10}},"skip":true},"13":{"name":"(anonymous_13)","line":180,"loc":{"start":{"line":180,"column":75},"end":{"line":183,"column":10}},"skip":true}},"statementMap":{"1":{"start":{"line":12,"column":0},"end":{"line":195,"column":5}},"2":{"start":{"line":14,"column":4},"end":{"line":14,"column":14}},"3":{"start":{"line":19,"column":4},"end":{"line":56,"column":9}},"4":{"start":{"line":21,"column":8},"end":{"line":21,"column":19}},"5":{"start":{"line":23,"column":8},"end":{"line":35,"column":13}},"6":{"start":{"line":24,"column":12},"end":{"line":34,"column":13}},"7":{"start":{"line":25,"column":16},"end":{"line":28,"column":30}},"8":{"start":{"line":30,"column":16},"end":{"line":33,"column":27}},"9":{"start":{"line":37,"column":8},"end":{"line":39,"column":21}},"10":{"start":{"line":40,"column":8},"end":{"line":53,"column":9}},"11":{"start":{"line":43,"column":12},"end":{"line":46,"column":14}},"12":{"start":{"line":47,"column":12},"end":{"line":47,"column":18}},"13":{"start":{"line":50,"column":12},"end":{"line":51,"column":33}},"14":{"start":{"line":52,"column":12},"end":{"line":52,"column":18}},"15":{"start":{"line":55,"column":8},"end":{"line":55,"column":35}},"16":{"start":{"line":61,"column":4},"end":{"line":63,"column":9}},"17":{"start":{"line":62,"column":8},"end":{"line":62,"column":15}},"18":{"start":{"line":64,"column":4},"end":{"line":77,"column":5}},"19":{"start":{"line":70,"column":8},"end":{"line":70,"column":14}},"20":{"start":{"line":76,"column":8},"end":{"line":76,"column":14}},"21":{"start":{"line":82,"column":4},"end":{"line":84,"column":9}},"22":{"start":{"line":83,"column":8},"end":{"line":83,"column":15}},"23":{"start":{"line":85,"column":4},"end":{"line":194,"column":5}},"24":{"start":{"line":91,"column":8},"end":{"line":99,"column":10}},"25":{"start":{"line":98,"column":12},"end":{"line":98,"column":35}},"26":{"start":{"line":102,"column":8},"end":{"line":104,"column":63}},"27":{"start":{"line":105,"column":8},"end":{"line":105,"column":14}},"28":{"start":{"line":112,"column":8},"end":{"line":121,"column":10},"skip":true},"29":{"start":{"line":119,"column":12},"end":{"line":119,"column":55},"skip":true},"30":{"start":{"line":120,"column":12},"end":{"line":120,"column":48},"skip":true},"31":{"start":{"line":123,"column":8},"end":{"line":136,"column":10},"skip":true},"32":{"start":{"line":130,"column":12},"end":{"line":130,"column":76},"skip":true},"33":{"start":{"line":131,"column":12},"end":{"line":131,"column":73},"skip":true},"34":{"start":{"line":132,"column":12},"end":{"line":132,"column":74},"skip":true},"35":{"start":{"line":133,"column":12},"end":{"line":133,"column":79},"skip":true},"36":{"start":{"line":134,"column":12},"end":{"line":134,"column":25},"skip":true},"37":{"start":{"line":135,"column":12},"end":{"line":135,"column":45},"skip":true},"38":{"start":{"line":138,"column":8},"end":{"line":145,"column":14},"skip":true},"39":{"start":{"line":143,"column":16},"end":{"line":143,"column":29},"skip":true},"40":{"start":{"line":144,"column":16},"end":{"line":144,"column":55},"skip":true},"41":{"start":{"line":147,"column":8},"end":{"line":156,"column":10},"skip":true},"42":{"start":{"line":154,"column":12},"end":{"line":154,"column":25},"skip":true},"43":{"start":{"line":155,"column":12},"end":{"line":155,"column":45},"skip":true},"44":{"start":{"line":158,"column":8},"end":{"line":167,"column":10},"skip":true},"45":{"start":{"line":165,"column":12},"end":{"line":165,"column":25},"skip":true},"46":{"start":{"line":166,"column":12},"end":{"line":166,"column":48},"skip":true},"47":{"start":{"line":169,"column":8},"end":{"line":178,"column":10},"skip":true},"48":{"start":{"line":176,"column":12},"end":{"line":176,"column":25},"skip":true},"49":{"start":{"line":177,"column":12},"end":{"line":177,"column":46},"skip":true},"50":{"start":{"line":180,"column":8},"end":{"line":189,"column":10},"skip":true},"51":{"start":{"line":187,"column":12},"end":{"line":187,"column":94},"skip":true},"52":{"start":{"line":188,"column":12},"end":{"line":188,"column":48},"skip":true},"53":{"start":{"line":192,"column":8},"end":{"line":192,"column":35},"skip":true},"54":{"start":{"line":193,"column":8},"end":{"line":193,"column":14},"skip":true}},"branchMap":{"1":{"line":25,"type":"binary-expr","locations":[{"start":{"line":25,"column":23},"end":{"line":25,"column":62}},{"start":{"line":26,"column":20},"end":{"line":26,"column":70}},{"start":{"line":27,"column":20},"end":{"line":27,"column":71}},{"start":{"line":28,"column":20},"end":{"line":28,"column":29}}]},"2":{"line":30,"type":"binary-expr","locations":[{"start":{"line":30,"column":23},"end":{"line":30,"column":37}},{"start":{"line":31,"column":20},"end":{"line":31,"column":61}},{"start":{"line":32,"column":20},"end":{"line":32,"column":70}},{"start":{"line":33,"column":20},"end":{"line":33,"column":26}}]},"3":{"line":37,"type":"cond-expr","locations":[{"start":{"line":38,"column":14},"end":{"line":38,"column":20}},{"start":{"line":39,"column":14},"end":{"line":39,"column":20}}]},"4":{"line":40,"type":"switch","locations":[{"start":{"line":42,"column":8},"end":{"line":47,"column":18}},{"start":{"line":49,"column":8},"end":{"line":52,"column":18}}]},"5":{"line":44,"type":"binary-expr","locations":[{"start":{"line":44,"column":16},"end":{"line":44,"column":44}},{"start":{"line":44,"column":48},"end":{"line":44,"column":66}}]},"6":{"line":50,"type":"binary-expr","locations":[{"start":{"line":50,"column":21},"end":{"line":50,"column":49}},{"start":{"line":50,"column":53},"end":{"line":50,"column":72}}]},"7":{"line":64,"type":"switch","locations":[{"start":{"line":69,"column":4},"end":{"line":70,"column":14}},{"start":{"line":75,"column":4},"end":{"line":76,"column":14}}]},"8":{"line":85,"type":"switch","locations":[{"start":{"line":90,"column":4},"end":{"line":105,"column":14}},{"start":{"line":111,"column":4},"end":{"line":193,"column":14},"skip":true}]},"9":{"line":91,"type":"binary-expr","locations":[{"start":{"line":91,"column":42},"end":{"line":91,"column":73}},{"start":{"line":91,"column":77},"end":{"line":99,"column":9}}]},"10":{"line":102,"type":"binary-expr","locations":[{"start":{"line":102,"column":18},"end":{"line":102,"column":32}},{"start":{"line":103,"column":12},"end":{"line":103,"column":53}},{"start":{"line":104,"column":12},"end":{"line":104,"column":61}}]},"11":{"line":112,"type":"binary-expr","locations":[{"start":{"line":112,"column":45},"end":{"line":112,"column":79},"skip":true},{"start":{"line":112,"column":83},"end":{"line":121,"column":9},"skip":true}]},"12":{"line":123,"type":"binary-expr","locations":[{"start":{"line":123,"column":42},"end":{"line":123,"column":73},"skip":true},{"start":{"line":123,"column":77},"end":{"line":136,"column":9},"skip":true}]},"13":{"line":138,"type":"binary-expr","locations":[{"start":{"line":138,"column":48},"end":{"line":138,"column":85},"skip":true},{"start":{"line":139,"column":12},"end":{"line":145,"column":13},"skip":true}]},"14":{"line":147,"type":"binary-expr","locations":[{"start":{"line":147,"column":42},"end":{"line":147,"column":73},"skip":true},{"start":{"line":147,"column":77},"end":{"line":156,"column":9},"skip":true}]},"15":{"line":158,"type":"binary-expr","locations":[{"start":{"line":158,"column":45},"end":{"line":158,"column":79},"skip":true},{"start":{"line":158,"column":83},"end":{"line":167,"column":9},"skip":true}]},"16":{"line":169,"type":"binary-expr","locations":[{"start":{"line":169,"column":43},"end":{"line":169,"column":75},"skip":true},{"start":{"line":169,"column":79},"end":{"line":178,"column":9},"skip":true}]},"17":{"line":180,"type":"binary-expr","locations":[{"start":{"line":180,"column":41},"end":{"line":180,"column":71},"skip":true},{"start":{"line":180,"column":75},"end":{"line":189,"column":9},"skip":true}]}},"code":["/* istanbul instrument in package npmtest_jenkins */","/*jslint","    bitwise: true,","    browser: true,","    maxerr: 8,","    maxlen: 96,","    node: true,","    nomen: true,","    regexp: true,","    stupid: true","*/","(function () {","    'use strict';","    var local;","","","","    // run shared js-env code - pre-init","    (function () {","        // init local","        local = {};","        // init modeJs","        local.modeJs = (function () {","            try {","                return typeof navigator.userAgent === 'string' &&","                    typeof document.querySelector('body') === 'object' &&","                    typeof XMLHttpRequest.prototype.open === 'function' &&","                    'browser';","            } catch (errorCaughtBrowser) {","                return module.exports &&","                    typeof process.versions.node === 'string' &&","                    typeof require('http').createServer === 'function' &&","                    'node';","            }","        }());","        // init global","        local.global = local.modeJs === 'browser'","            ? window","            : global;","        switch (local.modeJs) {","        // re-init local from window.local","        case 'browser':","            local = local.global.utility2.objectSetDefault(","                local.global.utility2_rollup || local.global.local,","                local.global.utility2","            );","            break;","        // re-init local from example.js","        case 'node':","            local = (local.global.utility2_rollup || require('utility2'))","                .requireReadme();","            break;","        }","        // export local","        local.global.local = local;","    }());","","","","    // run shared js-env code - function","    (function () {","        return;","    }());","    switch (local.modeJs) {","","","","    // run browser js-env code - function","    case 'browser':","        break;","","","","    // run node js-env code - function","    case 'node':","        break;","    }","","","","    // run shared js-env code - post-init","    (function () {","        return;","    }());","    switch (local.modeJs) {","","","","    // run browser js-env code - post-init","    case 'browser':","        local.testCase_browser_nullCase = local.testCase_browser_nullCase || function (","            options,","            onError","        ) {","        /*","         * this function will test browsers's null-case handling-behavior-behavior","         */","            onError(null, options);","        };","","        // run tests","        local.nop(local.modeTest &&","            document.querySelector('#testRunButton1') &&","            document.querySelector('#testRunButton1').click());","        break;","","","","    // run node js-env code - post-init","    /* istanbul ignore next */","    case 'node':","        local.testCase_buildApidoc_default = local.testCase_buildApidoc_default || function (","            options,","            onError","        ) {","        /*","         * this function will test buildApidoc's default handling-behavior-behavior","         */","            options = { modulePathList: module.paths };","            local.buildApidoc(options, onError);","        };","","        local.testCase_buildApp_default = local.testCase_buildApp_default || function (","            options,","            onError","        ) {","        /*","         * this function will test buildApp's default handling-behavior-behavior","         */","            local.testCase_buildReadme_default(options, local.onErrorThrow);","            local.testCase_buildLib_default(options, local.onErrorThrow);","            local.testCase_buildTest_default(options, local.onErrorThrow);","            local.testCase_buildCustomOrg_default(options, local.onErrorThrow);","            options = [];","            local.buildApp(options, onError);","        };","","        local.testCase_buildCustomOrg_default = local.testCase_buildCustomOrg_default ||","            function (options, onError) {","            /*","             * this function will test buildCustomOrg's default handling-behavior","             */","                options = {};","                local.buildCustomOrg(options, onError);","            };","","        local.testCase_buildLib_default = local.testCase_buildLib_default || function (","            options,","            onError","        ) {","        /*","         * this function will test buildLib's default handling-behavior","         */","            options = {};","            local.buildLib(options, onError);","        };","","        local.testCase_buildReadme_default = local.testCase_buildReadme_default || function (","            options,","            onError","        ) {","        /*","         * this function will test buildReadme's default handling-behavior-behavior","         */","            options = {};","            local.buildReadme(options, onError);","        };","","        local.testCase_buildTest_default = local.testCase_buildTest_default || function (","            options,","            onError","        ) {","        /*","         * this function will test buildTest's default handling-behavior","         */","            options = {};","            local.buildTest(options, onError);","        };","","        local.testCase_webpage_default = local.testCase_webpage_default || function (","            options,","            onError","        ) {","        /*","         * this function will test webpage's default handling-behavior","         */","            options = { modeCoverageMerge: true, url: local.serverLocalHost + '?modeTest=1' };","            local.browserTest(options, onError);","        };","","        // run test-server","        local.testRunServer(local);","        break;","    }","}());",""],"l":{"12":2,"14":2,"19":2,"21":2,"23":2,"24":2,"25":2,"30":1,"37":2,"40":2,"43":1,"47":1,"50":1,"52":1,"55":2,"61":2,"62":2,"64":2,"70":1,"76":1,"82":2,"83":2,"85":2,"91":1,"98":1,"102":1,"105":1,"112":1,"119":1,"120":1,"123":1,"130":1,"131":1,"132":1,"133":1,"134":1,"135":1,"138":1,"143":2,"144":2,"147":1,"154":2,"155":2,"158":1,"165":2,"166":2,"169":1,"176":2,"177":2,"180":1,"187":1,"188":1,"192":1,"193":1}},"/home/travis/build/npmtest/node-npmtest-jenkins/lib.npmtest_jenkins.js":{"path":"/home/travis/build/npmtest/node-npmtest-jenkins/lib.npmtest_jenkins.js","s":{"1":2,"2":2,"3":2,"4":2,"5":2,"6":2,"7":2,"8":1,"9":2,"10":2,"11":2,"12":2,"13":1,"14":1,"15":1,"16":1},"b":{"1":[2,1,1,1],"2":[1,1,1,1],"3":[1,1],"4":[2,2],"5":[1,1]},"f":{"1":2,"2":2,"3":2},"fnMap":{"1":{"name":"(anonymous_1)","line":12,"loc":{"start":{"line":12,"column":1},"end":{"line":12,"column":13}}},"2":{"name":"(anonymous_2)","line":19,"loc":{"start":{"line":19,"column":5},"end":{"line":19,"column":17}}},"3":{"name":"(anonymous_3)","line":23,"loc":{"start":{"line":23,"column":24},"end":{"line":23,"column":36}}}},"statementMap":{"1":{"start":{"line":12,"column":0},"end":{"line":53,"column":5}},"2":{"start":{"line":14,"column":4},"end":{"line":14,"column":14}},"3":{"start":{"line":19,"column":4},"end":{"line":52,"column":9}},"4":{"start":{"line":21,"column":8},"end":{"line":21,"column":19}},"5":{"start":{"line":23,"column":8},"end":{"line":35,"column":13}},"6":{"start":{"line":24,"column":12},"end":{"line":34,"column":13}},"7":{"start":{"line":25,"column":16},"end":{"line":28,"column":30}},"8":{"start":{"line":30,"column":16},"end":{"line":33,"column":27}},"9":{"start":{"line":37,"column":8},"end":{"line":39,"column":21}},"10":{"start":{"line":41,"column":8},"end":{"line":41,"column":54}},"11":{"start":{"line":43,"column":8},"end":{"line":43,"column":52}},"12":{"start":{"line":45,"column":8},"end":{"line":51,"column":9}},"13":{"start":{"line":46,"column":12},"end":{"line":46,"column":58}},"14":{"start":{"line":48,"column":12},"end":{"line":48,"column":35}},"15":{"start":{"line":49,"column":12},"end":{"line":49,"column":49}},"16":{"start":{"line":50,"column":12},"end":{"line":50,"column":43}}},"branchMap":{"1":{"line":25,"type":"binary-expr","locations":[{"start":{"line":25,"column":23},"end":{"line":25,"column":62}},{"start":{"line":26,"column":20},"end":{"line":26,"column":70}},{"start":{"line":27,"column":20},"end":{"line":27,"column":71}},{"start":{"line":28,"column":20},"end":{"line":28,"column":29}}]},"2":{"line":30,"type":"binary-expr","locations":[{"start":{"line":30,"column":23},"end":{"line":30,"column":37}},{"start":{"line":31,"column":20},"end":{"line":31,"column":61}},{"start":{"line":32,"column":20},"end":{"line":32,"column":70}},{"start":{"line":33,"column":20},"end":{"line":33,"column":26}}]},"3":{"line":37,"type":"cond-expr","locations":[{"start":{"line":38,"column":14},"end":{"line":38,"column":20}},{"start":{"line":39,"column":14},"end":{"line":39,"column":20}}]},"4":{"line":41,"type":"binary-expr","locations":[{"start":{"line":41,"column":16},"end":{"line":41,"column":44}},{"start":{"line":41,"column":48},"end":{"line":41,"column":53}}]},"5":{"line":45,"type":"if","locations":[{"start":{"line":45,"column":8},"end":{"line":45,"column":8}},{"start":{"line":45,"column":8},"end":{"line":45,"column":8}}]}},"code":["/* istanbul instrument in package npmtest_jenkins */","/*jslint","    bitwise: true,","    browser: true,","    maxerr: 8,","    maxlen: 96,","    node: true,","    nomen: true,","    regexp: true,","    stupid: true","*/","(function () {","    'use strict';","    var local;","","","","    // run shared js-env code - pre-init","    (function () {","        // init local","        local = {};","        // init modeJs","        local.modeJs = (function () {","            try {","                return typeof navigator.userAgent === 'string' &&","                    typeof document.querySelector('body') === 'object' &&","                    typeof XMLHttpRequest.prototype.open === 'function' &&","                    'browser';","            } catch (errorCaughtBrowser) {","                return module.exports &&","                    typeof process.versions.node === 'string' &&","                    typeof require('http').createServer === 'function' &&","                    'node';","            }","        }());","        // init global","        local.global = local.modeJs === 'browser'","            ? window","            : global;","        // init utility2_rollup","        local = local.global.utility2_rollup || local;","        // init lib","        local.local = local.npmtest_jenkins = local;","        // init exports","        if (local.modeJs === 'browser') {","            local.global.utility2_npmtest_jenkins = local;","        } else {","            module.exports = local;","            module.exports.__dirname = __dirname;","            module.exports.module = module;","        }","    }());","}());",""],"l":{"12":2,"14":2,"19":2,"21":2,"23":2,"24":2,"25":2,"30":1,"37":2,"41":2,"43":2,"45":2,"46":1,"48":1,"49":1,"50":1}},"/home/travis/build/npmtest/node-npmtest-jenkins/example.js":{"path":"/home/travis/build/npmtest/node-npmtest-jenkins/example.js","s":{"1":2,"2":2,"3":2,"4":2,"5":2,"6":2,"7":2,"8":1,"9":2,"10":2,"11":2,"12":2,"13":1,"14":2,"15":2,"16":2,"17":2,"18":2,"19":0,"20":2,"21":1,"22":1,"23":1,"24":1,"25":1,"26":0,"27":0,"28":1,"29":1,"30":2,"31":0,"32":0,"33":0,"34":1,"35":2,"36":2,"37":3,"38":3,"39":3,"40":3,"41":0,"42":3,"43":3,"44":3,"45":1,"46":3,"47":1,"48":1,"49":1,"50":1,"51":1,"52":1,"53":1,"54":1,"55":1,"56":1,"57":0,"58":1,"59":6,"60":6,"61":1,"62":2,"63":0,"64":2,"65":1,"66":1,"67":0,"68":0,"69":0,"70":0,"71":0,"72":0,"73":0,"74":0,"75":0,"76":0,"77":0,"78":0,"79":0,"80":0,"81":0,"82":0,"83":0},"b":{"1":[2,1,1,1],"2":[1,1,1,1],"3":[1,1],"4":[2,2],"5":[1,1],"6":[1,1],"7":[2,0],"8":[2,1,1,1,1,1],"9":[0,2,0],"10":[1,1],"11":[2,1,1],"12":[1,0],"13":[0,2],"14":[2,0,0,0,0,0,0],"15":[0,3],"16":[3,0],"17":[1,1],"18":[0,1],"19":[1,2,0,2],"20":[1,0],"21":[1,1],"22":[0,0],"23":[0,0],"24":[0,0],"25":[0,0],"26":[0,0],"27":[0,0],"28":[0,0]},"f":{"1":2,"2":2,"3":2,"4":2,"5":2,"6":2,"7":3,"8":3,"9":3,"10":1,"11":6,"12":0},"fnMap":{"1":{"name":"(anonymous_1)","line":26,"loc":{"start":{"line":26,"column":1},"end":{"line":26,"column":13}}},"2":{"name":"(anonymous_2)","line":33,"loc":{"start":{"line":33,"column":5},"end":{"line":33,"column":17}}},"3":{"name":"(anonymous_3)","line":37,"loc":{"start":{"line":37,"column":24},"end":{"line":37,"column":36}}},"4":{"name":"(anonymous_4)","line":69,"loc":{"start":{"line":69,"column":31},"end":{"line":69,"column":48}},"skip":true},"5":{"name":"(anonymous_5)","line":78,"loc":{"start":{"line":78,"column":26},"end":{"line":78,"column":45}},"skip":true},"6":{"name":"(anonymous_6)","line":123,"loc":{"start":{"line":123,"column":33},"end":{"line":123,"column":48}},"skip":true},"7":{"name":"(anonymous_7)","line":125,"loc":{"start":{"line":125,"column":27},"end":{"line":125,"column":39}},"skip":true},"8":{"name":"(anonymous_8)","line":133,"loc":{"start":{"line":133,"column":59},"end":{"line":133,"column":74}},"skip":true},"9":{"name":"(anonymous_9)","line":143,"loc":{"start":{"line":143,"column":45},"end":{"line":143,"column":62}},"skip":true},"10":{"name":"(anonymous_10)","line":144,"loc":{"start":{"line":144,"column":73},"end":{"line":144,"column":92}},"skip":true},"11":{"name":"(anonymous_11)","line":272,"loc":{"start":{"line":272,"column":51},"end":{"line":272,"column":77}},"skip":true},"12":{"name":"(anonymous_12)","line":315,"loc":{"start":{"line":315,"column":32},"end":{"line":315,"column":61}},"skip":true}},"statementMap":{"1":{"start":{"line":26,"column":0},"end":{"line":326,"column":5}},"2":{"start":{"line":28,"column":4},"end":{"line":28,"column":14}},"3":{"start":{"line":33,"column":4},"end":{"line":60,"column":9}},"4":{"start":{"line":35,"column":8},"end":{"line":35,"column":19}},"5":{"start":{"line":37,"column":8},"end":{"line":49,"column":13}},"6":{"start":{"line":38,"column":12},"end":{"line":48,"column":13}},"7":{"start":{"line":39,"column":16},"end":{"line":42,"column":30}},"8":{"start":{"line":44,"column":16},"end":{"line":47,"column":27}},"9":{"start":{"line":51,"column":8},"end":{"line":53,"column":21}},"10":{"start":{"line":55,"column":8},"end":{"line":57,"column":45}},"11":{"start":{"line":59,"column":8},"end":{"line":59,"column":35}},"12":{"start":{"line":61,"column":4},"end":{"line":325,"column":5}},"13":{"start":{"line":69,"column":8},"end":{"line":121,"column":10},"skip":true},"14":{"start":{"line":70,"column":12},"end":{"line":88,"column":13},"skip":true},"15":{"start":{"line":76,"column":16},"end":{"line":87,"column":19},"skip":true},"16":{"start":{"line":79,"column":20},"end":{"line":86,"column":21},"skip":true},"17":{"start":{"line":82,"column":24},"end":{"line":82,"column":43},"skip":true},"18":{"start":{"line":83,"column":24},"end":{"line":83,"column":30},"skip":true},"19":{"start":{"line":85,"column":24},"end":{"line":85,"column":49},"skip":true},"20":{"start":{"line":89,"column":12},"end":{"line":107,"column":13},"skip":true},"21":{"start":{"line":92,"column":16},"end":{"line":102,"column":17},"skip":true},"22":{"start":{"line":93,"column":20},"end":{"line":93,"column":86},"skip":true},"23":{"start":{"line":94,"column":20},"end":{"line":95,"column":45},"skip":true},"24":{"start":{"line":96,"column":20},"end":{"line":96,"column":42},"skip":true},"25":{"start":{"line":97,"column":20},"end":{"line":97,"column":48},"skip":true},"26":{"start":{"line":100,"column":20},"end":{"line":100,"column":85},"skip":true},"27":{"start":{"line":101,"column":20},"end":{"line":101,"column":96},"skip":true},"28":{"start":{"line":103,"column":16},"end":{"line":103,"column":22},"skip":true},"29":{"start":{"line":106,"column":16},"end":{"line":106,"column":22},"skip":true},"30":{"start":{"line":108,"column":12},"end":{"line":120,"column":13},"skip":true},"31":{"start":{"line":114,"column":16},"end":{"line":119,"column":17},"skip":true},"32":{"start":{"line":116,"column":20},"end":{"line":116,"column":78},"skip":true},"33":{"start":{"line":118,"column":20},"end":{"line":118,"column":47},"skip":true},"34":{"start":{"line":123,"column":8},"end":{"line":141,"column":11},"skip":true},"35":{"start":{"line":124,"column":12},"end":{"line":124,"column":54},"skip":true},"36":{"start":{"line":125,"column":12},"end":{"line":140,"column":14},"skip":true},"37":{"start":{"line":126,"column":16},"end":{"line":126,"column":28},"skip":true},"38":{"start":{"line":127,"column":16},"end":{"line":127,"column":69},"skip":true},"39":{"start":{"line":128,"column":16},"end":{"line":128,"column":75},"skip":true},"40":{"start":{"line":129,"column":16},"end":{"line":131,"column":17},"skip":true},"41":{"start":{"line":130,"column":20},"end":{"line":130,"column":27},"skip":true},"42":{"start":{"line":133,"column":16},"end":{"line":137,"column":36},"skip":true},"43":{"start":{"line":134,"column":20},"end":{"line":136,"column":55},"skip":true},"44":{"start":{"line":139,"column":16},"end":{"line":139,"column":57},"skip":true},"45":{"start":{"line":143,"column":8},"end":{"line":147,"column":11},"skip":true},"46":{"start":{"line":144,"column":12},"end":{"line":146,"column":15},"skip":true},"47":{"start":{"line":145,"column":16},"end":{"line":145,"column":70},"skip":true},"48":{"start":{"line":149,"column":8},"end":{"line":149,"column":31},"skip":true},"49":{"start":{"line":150,"column":8},"end":{"line":150,"column":14},"skip":true},"50":{"start":{"line":158,"column":8},"end":{"line":158,"column":31},"skip":true},"51":{"start":{"line":160,"column":8},"end":{"line":160,"column":33},"skip":true},"52":{"start":{"line":161,"column":8},"end":{"line":161,"column":37},"skip":true},"53":{"start":{"line":162,"column":8},"end":{"line":162,"column":35},"skip":true},"54":{"start":{"line":164,"column":8},"end":{"line":164,"column":50},"skip":true},"55":{"start":{"line":166,"column":8},"end":{"line":256,"column":2},"skip":true},"56":{"start":{"line":258,"column":8},"end":{"line":286,"column":9},"skip":true},"57":{"start":{"line":259,"column":12},"end":{"line":269,"column":14},"skip":true},"58":{"start":{"line":271,"column":12},"end":{"line":285,"column":19},"skip":true},"59":{"start":{"line":274,"column":20},"end":{"line":274,"column":35},"skip":true},"60":{"start":{"line":275,"column":20},"end":{"line":284,"column":21},"skip":true},"61":{"start":{"line":277,"column":24},"end":{"line":277,"column":64},"skip":true},"62":{"start":{"line":279,"column":24},"end":{"line":279,"column":40},"skip":true},"63":{"start":{"line":281,"column":24},"end":{"line":281,"column":40},"skip":true},"64":{"start":{"line":283,"column":24},"end":{"line":283,"column":39},"skip":true},"65":{"start":{"line":288,"column":8},"end":{"line":290,"column":9},"skip":true},"66":{"start":{"line":289,"column":12},"end":{"line":289,"column":18},"skip":true},"67":{"start":{"line":291,"column":8},"end":{"line":293,"column":54},"skip":true},"68":{"start":{"line":296,"column":8},"end":{"line":301,"column":37},"skip":true},"69":{"start":{"line":303,"column":8},"end":{"line":303,"column":82},"skip":true},"70":{"start":{"line":306,"column":8},"end":{"line":308,"column":9},"skip":true},"71":{"start":{"line":307,"column":12},"end":{"line":307,"column":82},"skip":true},"72":{"start":{"line":310,"column":8},"end":{"line":312,"column":9},"skip":true},"73":{"start":{"line":311,"column":12},"end":{"line":311,"column":18},"skip":true},"74":{"start":{"line":313,"column":8},"end":{"line":313,"column":54},"skip":true},"75":{"start":{"line":314,"column":8},"end":{"line":314,"column":69},"skip":true},"76":{"start":{"line":315,"column":8},"end":{"line":323,"column":36},"skip":true},"77":{"start":{"line":316,"column":12},"end":{"line":316,"column":61},"skip":true},"78":{"start":{"line":317,"column":12},"end":{"line":320,"column":13},"skip":true},"79":{"start":{"line":318,"column":16},"end":{"line":318,"column":75},"skip":true},"80":{"start":{"line":319,"column":16},"end":{"line":319,"column":23},"skip":true},"81":{"start":{"line":321,"column":12},"end":{"line":321,"column":38},"skip":true},"82":{"start":{"line":322,"column":12},"end":{"line":322,"column":27},"skip":true},"83":{"start":{"line":324,"column":8},"end":{"line":324,"column":14},"skip":true}},"branchMap":{"1":{"line":39,"type":"binary-expr","locations":[{"start":{"line":39,"column":23},"end":{"line":39,"column":62}},{"start":{"line":40,"column":20},"end":{"line":40,"column":70}},{"start":{"line":41,"column":20},"end":{"line":41,"column":71}},{"start":{"line":42,"column":20},"end":{"line":42,"column":29}}]},"2":{"line":44,"type":"binary-expr","locations":[{"start":{"line":44,"column":23},"end":{"line":44,"column":37}},{"start":{"line":45,"column":20},"end":{"line":45,"column":61}},{"start":{"line":46,"column":20},"end":{"line":46,"column":70}},{"start":{"line":47,"column":20},"end":{"line":47,"column":26}}]},"3":{"line":51,"type":"cond-expr","locations":[{"start":{"line":52,"column":14},"end":{"line":52,"column":20}},{"start":{"line":53,"column":14},"end":{"line":53,"column":20}}]},"4":{"line":55,"type":"binary-expr","locations":[{"start":{"line":55,"column":16},"end":{"line":55,"column":44}},{"start":{"line":55,"column":49},"end":{"line":57,"column":43}}]},"5":{"line":55,"type":"cond-expr","locations":[{"start":{"line":56,"column":14},"end":{"line":56,"column":51}},{"start":{"line":57,"column":14},"end":{"line":57,"column":43}}]},"6":{"line":61,"type":"switch","locations":[{"start":{"line":68,"column":4},"end":{"line":150,"column":14},"skip":true},{"start":{"line":156,"column":4},"end":{"line":324,"column":14},"skip":true}]},"7":{"line":70,"type":"if","locations":[{"start":{"line":70,"column":12},"end":{"line":70,"column":12},"skip":true},{"start":{"line":70,"column":12},"end":{"line":70,"column":12},"skip":true}]},"8":{"line":70,"type":"binary-expr","locations":[{"start":{"line":70,"column":16},"end":{"line":70,"column":22},"skip":true},{"start":{"line":70,"column":27},"end":{"line":70,"column":32},"skip":true},{"start":{"line":71,"column":20},"end":{"line":71,"column":39},"skip":true},{"start":{"line":72,"column":20},"end":{"line":72,"column":49},"skip":true},{"start":{"line":73,"column":20},"end":{"line":73,"column":58},"skip":true},{"start":{"line":74,"column":20},"end":{"line":74,"column":69},"skip":true}]},"9":{"line":79,"type":"switch","locations":[{"start":{"line":80,"column":20},"end":{"line":80,"column":33},"skip":true},{"start":{"line":81,"column":20},"end":{"line":83,"column":30},"skip":true},{"start":{"line":84,"column":20},"end":{"line":85,"column":49},"skip":true}]},"10":{"line":89,"type":"switch","locations":[{"start":{"line":90,"column":12},"end":{"line":103,"column":22},"skip":true},{"start":{"line":105,"column":12},"end":{"line":106,"column":22},"skip":true}]},"11":{"line":89,"type":"binary-expr","locations":[{"start":{"line":89,"column":20},"end":{"line":89,"column":25},"skip":true},{"start":{"line":89,"column":29},"end":{"line":89,"column":48},"skip":true},{"start":{"line":89,"column":52},"end":{"line":89,"column":74},"skip":true}]},"12":{"line":92,"type":"if","locations":[{"start":{"line":92,"column":16},"end":{"line":92,"column":16},"skip":true},{"start":{"line":92,"column":16},"end":{"line":92,"column":16},"skip":true}]},"13":{"line":108,"type":"if","locations":[{"start":{"line":108,"column":12},"end":{"line":108,"column":12},"skip":true},{"start":{"line":108,"column":12},"end":{"line":108,"column":12},"skip":true}]},"14":{"line":108,"type":"binary-expr","locations":[{"start":{"line":108,"column":16},"end":{"line":108,"column":61},"skip":true},{"start":{"line":108,"column":66},"end":{"line":108,"column":72},"skip":true},{"start":{"line":108,"column":77},"end":{"line":108,"column":82},"skip":true},{"start":{"line":109,"column":20},"end":{"line":109,"column":39},"skip":true},{"start":{"line":110,"column":20},"end":{"line":110,"column":49},"skip":true},{"start":{"line":111,"column":20},"end":{"line":111,"column":58},"skip":true},{"start":{"line":112,"column":20},"end":{"line":112,"column":68},"skip":true}]},"15":{"line":129,"type":"if","locations":[{"start":{"line":129,"column":16},"end":{"line":129,"column":16},"skip":true},{"start":{"line":129,"column":16},"end":{"line":129,"column":16},"skip":true}]},"16":{"line":134,"type":"cond-expr","locations":[{"start":{"line":135,"column":26},"end":{"line":135,"column":29},"skip":true},{"start":{"line":136,"column":26},"end":{"line":136,"column":54},"skip":true}]},"17":{"line":164,"type":"binary-expr","locations":[{"start":{"line":164,"column":27},"end":{"line":164,"column":43},"skip":true},{"start":{"line":164,"column":47},"end":{"line":164,"column":49},"skip":true}]},"18":{"line":258,"type":"if","locations":[{"start":{"line":258,"column":8},"end":{"line":258,"column":8},"skip":true},{"start":{"line":258,"column":8},"end":{"line":258,"column":8},"skip":true}]},"19":{"line":275,"type":"switch","locations":[{"start":{"line":276,"column":20},"end":{"line":277,"column":64},"skip":true},{"start":{"line":278,"column":20},"end":{"line":279,"column":40},"skip":true},{"start":{"line":280,"column":20},"end":{"line":281,"column":40},"skip":true},{"start":{"line":282,"column":20},"end":{"line":283,"column":39},"skip":true}]},"20":{"line":288,"type":"if","locations":[{"start":{"line":288,"column":8},"end":{"line":288,"column":8},"skip":true},{"start":{"line":288,"column":8},"end":{"line":288,"column":8},"skip":true}]},"21":{"line":288,"type":"binary-expr","locations":[{"start":{"line":288,"column":12},"end":{"line":288,"column":40},"skip":true},{"start":{"line":288,"column":44},"end":{"line":288,"column":67},"skip":true}]},"22":{"line":292,"type":"binary-expr","locations":[{"start":{"line":292,"column":12},"end":{"line":292,"column":50},"skip":true},{"start":{"line":293,"column":12},"end":{"line":293,"column":53},"skip":true}]},"23":{"line":297,"type":"binary-expr","locations":[{"start":{"line":297,"column":12},"end":{"line":297,"column":65},"skip":true},{"start":{"line":298,"column":12},"end":{"line":301,"column":36},"skip":true}]},"24":{"line":303,"type":"binary-expr","locations":[{"start":{"line":303,"column":43},"end":{"line":303,"column":75},"skip":true},{"start":{"line":303,"column":79},"end":{"line":303,"column":81},"skip":true}]},"25":{"line":306,"type":"if","locations":[{"start":{"line":306,"column":8},"end":{"line":306,"column":8},"skip":true},{"start":{"line":306,"column":8},"end":{"line":306,"column":8},"skip":true}]},"26":{"line":310,"type":"if","locations":[{"start":{"line":310,"column":8},"end":{"line":310,"column":8},"skip":true},{"start":{"line":310,"column":8},"end":{"line":310,"column":8},"skip":true}]},"27":{"line":313,"type":"binary-expr","locations":[{"start":{"line":313,"column":27},"end":{"line":313,"column":43},"skip":true},{"start":{"line":313,"column":47},"end":{"line":313,"column":53},"skip":true}]},"28":{"line":317,"type":"if","locations":[{"start":{"line":317,"column":12},"end":{"line":317,"column":12},"skip":true},{"start":{"line":317,"column":12},"end":{"line":317,"column":12},"skip":true}]}},"code":["/*","example.js","","quickstart example","","instruction","    1. save this script as example.js","    2. run the shell command:","        $ npm install npmtest-jenkins && PORT=8081 node example.js","    3. play with the browser-demo on http://127.0.0.1:8081","*/","","","","/* istanbul instrument in package npmtest_jenkins */","/*jslint","    bitwise: true,","    browser: true,","    maxerr: 8,","    maxlen: 96,","    node: true,","    nomen: true,","    regexp: true,","    stupid: true","*/","(function () {","    'use strict';","    var local;","","","","    // run shared js-env code - pre-init","    (function () {","        // init local","        local = {};","        // init modeJs","        local.modeJs = (function () {","            try {","                return typeof navigator.userAgent === 'string' &&","                    typeof document.querySelector('body') === 'object' &&","                    typeof XMLHttpRequest.prototype.open === 'function' &&","                    'browser';","            } catch (errorCaughtBrowser) {","                return module.exports &&","                    typeof process.versions.node === 'string' &&","                    typeof require('http').createServer === 'function' &&","                    'node';","            }","        }());","        // init global","        local.global = local.modeJs === 'browser'","            ? window","            : global;","        // init utility2_rollup","        local = local.global.utility2_rollup || (local.modeJs === 'browser'","            ? local.global.utility2_npmtest_jenkins","            : global.utility2_moduleExports);","        // export local","        local.global.local = local;","    }());","    switch (local.modeJs) {","","","","    // post-init","    // run browser js-env code - post-init","    /* istanbul ignore next */","    case 'browser':","        local.testRunBrowser = function (event) {","            if (!event || (event &&","                    event.currentTarget &&","                    event.currentTarget.className &&","                    event.currentTarget.className.includes &&","                    event.currentTarget.className.includes('onreset'))) {","                // reset output","                Array.from(","                    document.querySelectorAll('body > .resettable')","                ).forEach(function (element) {","                    switch (element.tagName) {","                    case 'INPUT':","                    case 'TEXTAREA':","                        element.value = '';","                        break;","                    default:","                        element.textContent = '';","                    }","                });","            }","            switch (event && event.currentTarget && event.currentTarget.id) {","            case 'testRunButton1':","                // show tests","                if (document.querySelector('#testReportDiv1').style.display === 'none') {","                    document.querySelector('#testReportDiv1').style.display = 'block';","                    document.querySelector('#testRunButton1').textContent =","                        'hide internal test';","                    local.modeTest = true;","                    local.testRunDefault(local);","                // hide tests","                } else {","                    document.querySelector('#testReportDiv1').style.display = 'none';","                    document.querySelector('#testRunButton1').textContent = 'run internal test';","                }","                break;","            // custom-case","            default:","                break;","            }","            if (document.querySelector('#inputTextareaEval1') && (!event || (event &&","                    event.currentTarget &&","                    event.currentTarget.className &&","                    event.currentTarget.className.includes &&","                    event.currentTarget.className.includes('oneval')))) {","                // try to eval input-code","                try {","                    /*jslint evil: true*/","                    eval(document.querySelector('#inputTextareaEval1').value);","                } catch (errorCaught) {","                    console.error(errorCaught);","                }","            }","        };","        // log stderr and stdout to #outputTextareaStdout1","        ['error', 'log'].forEach(function (key) {","            console[key + '_original'] = console[key];","            console[key] = function () {","                var element;","                console[key + '_original'].apply(console, arguments);","                element = document.querySelector('#outputTextareaStdout1');","                if (!element) {","                    return;","                }","                // append text to #outputTextareaStdout1","                element.value += Array.from(arguments).map(function (arg) {","                    return typeof arg === 'string'","                        ? arg","                        : JSON.stringify(arg, null, 4);","                }).join(' ') + '\\n';","                // scroll textarea to bottom","                element.scrollTop = element.scrollHeight;","            };","        });","        // init event-handling","        ['change', 'click', 'keyup'].forEach(function (event) {","            Array.from(document.querySelectorAll('.on' + event)).forEach(function (element) {","                element.addEventListener(event, local.testRunBrowser);","            });","        });","        // run tests","        local.testRunBrowser();","        break;","","","","    // run node js-env code - post-init","    /* istanbul ignore next */","    case 'node':","        // export local","        module.exports = local;","        // require modules","        local.fs = require('fs');","        local.http = require('http');","        local.url = require('url');","        // init assets","        local.assetsDict = local.assetsDict || {};","        /* jslint-ignore-begin */","        local.assetsDict['/assets.index.template.html'] = '\\","<!doctype html>\\n\\","<html lang=\"en\">\\n\\","<head>\\n\\","<meta charset=\"UTF-8\">\\n\\","<meta name=\"viewport\" content=\"width=device-width, initial-scale=1\">\\n\\","<title>{{env.npm_package_name}} (v{{env.npm_package_version}})</title>\\n\\","<style>\\n\\","/*csslint\\n\\","    box-sizing: false,\\n\\","    universal-selector: false\\n\\","*/\\n\\","* {\\n\\","    box-sizing: border-box;\\n\\","}\\n\\","body {\\n\\","    background: #dde;\\n\\","    font-family: Arial, Helvetica, sans-serif;\\n\\","    margin: 2rem;\\n\\","}\\n\\","body > * {\\n\\","    margin-bottom: 1rem;\\n\\","}\\n\\",".utility2FooterDiv {\\n\\","    margin-top: 20px;\\n\\","    text-align: center;\\n\\","}\\n\\","</style>\\n\\","<style>\\n\\","/*csslint\\n\\","*/\\n\\","textarea {\\n\\","    font-family: monospace;\\n\\","    height: 10rem;\\n\\","    width: 100%;\\n\\","}\\n\\","textarea[readonly] {\\n\\","    background: #ddd;\\n\\","}\\n\\","</style>\\n\\","</head>\\n\\","<body>\\n\\","<!-- utility2-comment\\n\\","<div id=\"ajaxProgressDiv1\" style=\"background: #d00; height: 2px; left: 0; margin: 0; padding: 0; position: fixed; top: 0; transition: background 0.5s, width 1.5s; width: 25%;\"></div>\\n\\","utility2-comment -->\\n\\","<h1>\\n\\","<!-- utility2-comment\\n\\","    <a\\n\\","        {{#if env.npm_package_homepage}}\\n\\","        href=\"{{env.npm_package_homepage}}\"\\n\\","        {{/if env.npm_package_homepage}}\\n\\","        target=\"_blank\"\\n\\","    >\\n\\","utility2-comment -->\\n\\","        {{env.npm_package_name}} (v{{env.npm_package_version}})\\n\\","<!-- utility2-comment\\n\\","    </a>\\n\\","utility2-comment -->\\n\\","</h1>\\n\\","<h3>{{env.npm_package_description}}</h3>\\n\\","<!-- utility2-comment\\n\\","<h4><a download href=\"assets.app.js\">download standalone app</a></h4>\\n\\","<button class=\"onclick onreset\" id=\"testRunButton1\">run internal test</button><br>\\n\\","<div id=\"testReportDiv1\" style=\"display: none;\"></div>\\n\\","utility2-comment -->\\n\\","\\n\\","\\n\\","\\n\\","<label>stderr and stdout</label>\\n\\","<textarea class=\"resettable\" id=\"outputTextareaStdout1\" readonly></textarea>\\n\\","<!-- utility2-comment\\n\\","{{#if isRollup}}\\n\\","<script src=\"assets.app.js\"></script>\\n\\","{{#unless isRollup}}\\n\\","utility2-comment -->\\n\\","<script src=\"assets.utility2.rollup.js\"></script>\\n\\","<script src=\"jsonp.utility2._stateInit?callback=window.utility2._stateInit\"></script>\\n\\","<script src=\"assets.npmtest_jenkins.rollup.js\"></script>\\n\\","<script src=\"assets.example.js\"></script>\\n\\","<script src=\"assets.test.js\"></script>\\n\\","<!-- utility2-comment\\n\\","{{/if isRollup}}\\n\\","utility2-comment -->\\n\\","<div class=\"utility2FooterDiv\">\\n\\","    [ this app was created with\\n\\","    <a href=\"https://github.com/kaizhu256/node-utility2\" target=\"_blank\">utility2</a>\\n\\","    ]\\n\\","</div>\\n\\","</body>\\n\\","</html>\\n\\","';","        /* jslint-ignore-end */","        if (local.templateRender) {","            local.assetsDict['/'] = local.templateRender(","                local.assetsDict['/assets.index.template.html'],","                {","                    env: local.objectSetDefault(local.env, {","                        npm_package_description: 'the greatest app in the world!',","                        npm_package_name: 'my-app',","                        npm_package_nameAlias: 'my_app',","                        npm_package_version: '0.0.1'","                    })","                }","            );","        } else {","            local.assetsDict['/'] = local.assetsDict['/assets.index.template.html']","                .replace((/\\{\\{env\\.(\\w+?)\\}\\}/g), function (match0, match1) {","                    // jslint-hack","                    String(match0);","                    switch (match1) {","                    case 'npm_package_description':","                        return 'the greatest app in the world!';","                    case 'npm_package_name':","                        return 'my-app';","                    case 'npm_package_nameAlias':","                        return 'my_app';","                    case 'npm_package_version':","                        return '0.0.1';","                    }","                });","        }","        // run the cli","        if (local.global.utility2_rollup || module !== require.main) {","            break;","        }","        local.assetsDict['/assets.example.js'] =","            local.assetsDict['/assets.example.js'] ||","            local.fs.readFileSync(__filename, 'utf8');","        // bug-workaround - long $npm_package_buildCustomOrg","        /* jslint-ignore-begin */","        local.assetsDict['/assets.npmtest_jenkins.rollup.js'] =","            local.assetsDict['/assets.npmtest_jenkins.rollup.js'] ||","            local.fs.readFileSync(","                local.npmtest_jenkins.__dirname + '/lib.npmtest_jenkins.js',","                'utf8'","            ).replace((/^#!/), '//');","        /* jslint-ignore-end */","        local.assetsDict['/favicon.ico'] = local.assetsDict['/favicon.ico'] || '';","        // if $npm_config_timeout_exit exists,","        // then exit this process after $npm_config_timeout_exit ms","        if (Number(process.env.npm_config_timeout_exit)) {","            setTimeout(process.exit, Number(process.env.npm_config_timeout_exit));","        }","        // start server","        if (local.global.utility2_serverHttp1) {","            break;","        }","        process.env.PORT = process.env.PORT || '8081';","        console.error('server starting on port ' + process.env.PORT);","        local.http.createServer(function (request, response) {","            request.urlParsed = local.url.parse(request.url);","            if (local.assetsDict[request.urlParsed.pathname] !== undefined) {","                response.end(local.assetsDict[request.urlParsed.pathname]);","                return;","            }","            response.statusCode = 404;","            response.end();","        }).listen(process.env.PORT);","        break;","    }","}());",""],"l":{"26":2,"28":2,"33":2,"35":2,"37":2,"38":2,"39":2,"44":1,"51":2,"55":2,"59":2,"61":2,"69":1,"70":2,"76":2,"79":2,"82":2,"83":2,"85":1,"89":2,"92":1,"93":1,"94":1,"96":1,"97":1,"100":1,"101":1,"103":1,"106":1,"108":2,"114":1,"116":1,"118":1,"123":1,"124":2,"125":2,"126":3,"127":3,"128":3,"129":3,"130":1,"133":3,"134":3,"139":3,"143":1,"144":3,"145":1,"149":1,"150":1,"158":1,"160":1,"161":1,"162":1,"164":1,"166":1,"258":1,"259":1,"271":1,"274":6,"275":6,"277":1,"279":2,"281":1,"283":2,"288":1,"289":1,"291":1,"296":1,"303":1,"306":1,"307":1,"310":1,"311":1,"313":1,"314":1,"315":1,"316":1,"317":1,"318":1,"319":1,"321":1,"322":1,"324":1}},"/home/travis/build/npmtest/node-npmtest-jenkins/node_modules/jenkins/lib/index.js":{"path":"/home/travis/build/npmtest/node-npmtest-jenkins/node_modules/jenkins/lib/index.js","s":{"1":1,"2":1,"3":0,"4":1,"5":1},"b":{},"f":{"1":0},"fnMap":{"1":{"name":"(anonymous_1)","line":17,"loc":{"start":{"line":17,"column":8},"end":{"line":17,"column":19}}}},"statementMap":{"1":{"start":{"line":11,"column":0},"end":{"line":11,"column":43}},"2":{"start":{"line":17,"column":0},"end":{"line":19,"column":2}},"3":{"start":{"line":18,"column":2},"end":{"line":18,"column":42}},"4":{"start":{"line":21,"column":0},"end":{"line":21,"column":20}},"5":{"start":{"line":23,"column":0},"end":{"line":23,"column":19}}},"branchMap":{},"code":["/**"," * Module index"," */","","'use strict';","","/**"," * Module dependencies."," */","","var Jenkins = require('./jenkins').Jenkins;","","/**"," * Module exports."," */","","var m = function() {","  return m.Jenkins.apply(this, arguments);","};","","m.Jenkins = Jenkins;","","module.exports = m;",""],"l":{"11":1,"17":1,"18":0,"21":1,"23":1}},"/home/travis/build/npmtest/node-npmtest-jenkins/node_modules/jenkins/lib/jenkins.js":{"path":"/home/travis/build/npmtest/node-npmtest-jenkins/node_modules/jenkins/lib/jenkins.js","s":{"1":1,"2":1,"3":1,"4":1,"5":1,"6":1,"7":1,"8":1,"9":1,"10":1,"11":1,"12":0,"13":0,"14":0,"15":0,"16":0,"17":0,"18":0,"19":0,"20":0,"21":0,"22":0,"23":0,"24":0,"25":0,"26":0,"27":0,"28":0,"29":0,"30":0,"31":0,"32":0,"33":0,"34":0,"35":0,"36":0,"37":0,"38":0,"39":0,"40":0,"41":0,"42":0,"43":0,"44":0,"45":0,"46":0,"47":0,"48":0,"49":1,"50":1,"51":1,"52":1,"53":1,"54":1,"55":1,"56":1,"57":1,"58":0,"59":0,"60":0,"61":0,"62":0,"63":0,"64":0,"65":0,"66":0,"67":0,"68":1,"69":0,"70":0,"71":0,"72":0,"73":0,"74":1,"75":0,"76":0,"77":0,"78":0,"79":0,"80":0,"81":0,"82":1,"83":1,"84":1,"85":0,"86":1},"b":{"1":[0,0],"2":[0,0],"3":[0,0],"4":[0,0],"5":[0,0],"6":[0,0],"7":[0,0],"8":[0,0],"9":[0,0],"10":[0,0],"11":[0,0],"12":[0,0],"13":[0,0],"14":[0,0],"15":[0,0],"16":[0,0],"17":[0,0],"18":[0,0],"19":[0,0],"20":[0,0],"21":[0,0,0],"22":[0,0]},"f":{"1":0,"2":0,"3":0,"4":0,"5":0,"6":0},"fnMap":{"1":{"name":"Jenkins","line":27,"loc":{"start":{"line":27,"column":0},"end":{"line":27,"column":23}}},"2":{"name":"(anonymous_2)","line":111,"loc":{"start":{"line":111,"column":30},"end":{"line":111,"column":50}}},"3":{"name":"(anonymous_3)","line":114,"loc":{"start":{"line":114,"column":26},"end":{"line":114,"column":46}}},"4":{"name":"(anonymous_4)","line":130,"loc":{"start":{"line":130,"column":32},"end":{"line":130,"column":52}}},"5":{"name":"(anonymous_5)","line":145,"loc":{"start":{"line":145,"column":25},"end":{"line":145,"column":50}}},"6":{"name":"(anonymous_6)","line":171,"loc":{"start":{"line":171,"column":40},"end":{"line":171,"column":51}}}},"statementMap":{"1":{"start":{"line":11,"column":0},"end":{"line":11,"column":27}},"2":{"start":{"line":12,"column":0},"end":{"line":12,"column":27}},"3":{"start":{"line":14,"column":0},"end":{"line":14,"column":37}},"4":{"start":{"line":15,"column":0},"end":{"line":15,"column":56}},"5":{"start":{"line":16,"column":0},"end":{"line":16,"column":31}},"6":{"start":{"line":17,"column":0},"end":{"line":17,"column":34}},"7":{"start":{"line":18,"column":0},"end":{"line":18,"column":37}},"8":{"start":{"line":19,"column":0},"end":{"line":19,"column":34}},"9":{"start":{"line":20,"column":0},"end":{"line":20,"column":41}},"10":{"start":{"line":21,"column":0},"end":{"line":21,"column":31}},"11":{"start":{"line":27,"column":0},"end":{"line":90,"column":1}},"12":{"start":{"line":28,"column":2},"end":{"line":30,"column":3}},"13":{"start":{"line":29,"column":4},"end":{"line":29,"column":29}},"14":{"start":{"line":32,"column":2},"end":{"line":36,"column":3}},"15":{"start":{"line":33,"column":4},"end":{"line":33,"column":29}},"16":{"start":{"line":35,"column":4},"end":{"line":35,"column":22}},"17":{"start":{"line":38,"column":2},"end":{"line":45,"column":3}},"18":{"start":{"line":39,"column":4},"end":{"line":44,"column":5}},"19":{"start":{"line":40,"column":6},"end":{"line":40,"column":30}},"20":{"start":{"line":41,"column":6},"end":{"line":41,"column":22}},"21":{"start":{"line":43,"column":6},"end":{"line":43,"column":42}},"22":{"start":{"line":47,"column":2},"end":{"line":49,"column":3}},"23":{"start":{"line":48,"column":4},"end":{"line":48,"column":22}},"24":{"start":{"line":50,"column":2},"end":{"line":52,"column":3}},"25":{"start":{"line":51,"column":4},"end":{"line":51,"column":46}},"26":{"start":{"line":54,"column":2},"end":{"line":56,"column":3}},"27":{"start":{"line":55,"column":4},"end":{"line":55,"column":52}},"28":{"start":{"line":58,"column":2},"end":{"line":58,"column":24}},"29":{"start":{"line":60,"column":2},"end":{"line":64,"column":3}},"30":{"start":{"line":61,"column":4},"end":{"line":61,"column":41}},"31":{"start":{"line":62,"column":9},"end":{"line":64,"column":3}},"32":{"start":{"line":63,"column":4},"end":{"line":63,"column":42}},"33":{"start":{"line":66,"column":2},"end":{"line":66,"column":31}},"34":{"start":{"line":68,"column":2},"end":{"line":68,"column":40}},"35":{"start":{"line":69,"column":2},"end":{"line":69,"column":44}},"36":{"start":{"line":71,"column":2},"end":{"line":71,"column":39}},"37":{"start":{"line":72,"column":2},"end":{"line":72,"column":51}},"38":{"start":{"line":73,"column":2},"end":{"line":73,"column":35}},"39":{"start":{"line":74,"column":2},"end":{"line":74,"column":37}},"40":{"start":{"line":75,"column":2},"end":{"line":75,"column":39}},"41":{"start":{"line":76,"column":2},"end":{"line":76,"column":37}},"42":{"start":{"line":78,"column":2},"end":{"line":89,"column":3}},"43":{"start":{"line":79,"column":4},"end":{"line":85,"column":5}},"44":{"start":{"line":80,"column":6},"end":{"line":84,"column":7}},"45":{"start":{"line":81,"column":8},"end":{"line":81,"column":51}},"46":{"start":{"line":83,"column":8},"end":{"line":83,"column":35}},"47":{"start":{"line":87,"column":4},"end":{"line":87,"column":46}},"48":{"start":{"line":88,"column":4},"end":{"line":88,"column":14}},"49":{"start":{"line":92,"column":0},"end":{"line":92,"column":36}},"50":{"start":{"line":94,"column":0},"end":{"line":94,"column":22}},"51":{"start":{"line":95,"column":0},"end":{"line":95,"column":34}},"52":{"start":{"line":96,"column":0},"end":{"line":96,"column":18}},"53":{"start":{"line":97,"column":0},"end":{"line":97,"column":20}},"54":{"start":{"line":98,"column":0},"end":{"line":98,"column":22}},"55":{"start":{"line":99,"column":0},"end":{"line":99,"column":20}},"56":{"start":{"line":105,"column":0},"end":{"line":105,"column":18}},"57":{"start":{"line":111,"column":0},"end":{"line":124,"column":2}},"58":{"start":{"line":112,"column":2},"end":{"line":112,"column":70}},"59":{"start":{"line":112,"column":56},"end":{"line":112,"column":70}},"60":{"start":{"line":114,"column":2},"end":{"line":123,"column":5}},"61":{"start":{"line":115,"column":4},"end":{"line":115,"column":30}},"62":{"start":{"line":115,"column":13},"end":{"line":115,"column":30}},"63":{"start":{"line":117,"column":4},"end":{"line":120,"column":5}},"64":{"start":{"line":118,"column":6},"end":{"line":118,"column":51}},"65":{"start":{"line":118,"column":29},"end":{"line":118,"column":51}},"66":{"start":{"line":119,"column":6},"end":{"line":119,"column":59}},"67":{"start":{"line":122,"column":4},"end":{"line":122,"column":11}},"68":{"start":{"line":130,"column":0},"end":{"line":139,"column":2}},"69":{"start":{"line":131,"column":2},"end":{"line":136,"column":3}},"70":{"start":{"line":132,"column":4},"end":{"line":134,"column":5}},"71":{"start":{"line":133,"column":6},"end":{"line":133,"column":71}},"72":{"start":{"line":135,"column":4},"end":{"line":135,"column":26}},"73":{"start":{"line":138,"column":2},"end":{"line":138,"column":9}},"74":{"start":{"line":145,"column":0},"end":{"line":161,"column":2}},"75":{"start":{"line":146,"column":2},"end":{"line":149,"column":3}},"76":{"start":{"line":147,"column":4},"end":{"line":147,"column":20}},"77":{"start":{"line":148,"column":4},"end":{"line":148,"column":14}},"78":{"start":{"line":151,"column":2},"end":{"line":151,"column":37}},"79":{"start":{"line":153,"column":2},"end":{"line":156,"column":4}},"80":{"start":{"line":158,"column":2},"end":{"line":158,"column":27}},"81":{"start":{"line":160,"column":2},"end":{"line":160,"column":51}},"82":{"start":{"line":163,"column":0},"end":{"line":163,"column":47}},"83":{"start":{"line":169,"column":0},"end":{"line":169,"column":37}},"84":{"start":{"line":171,"column":0},"end":{"line":173,"column":2}},"85":{"start":{"line":172,"column":2},"end":{"line":172,"column":34}},"86":{"start":{"line":179,"column":0},"end":{"line":179,"column":26}}},"branchMap":{"1":{"line":28,"type":"if","locations":[{"start":{"line":28,"column":2},"end":{"line":28,"column":2}},{"start":{"line":28,"column":2},"end":{"line":28,"column":2}}]},"2":{"line":32,"type":"if","locations":[{"start":{"line":32,"column":2},"end":{"line":32,"column":2}},{"start":{"line":32,"column":2},"end":{"line":32,"column":2}}]},"3":{"line":35,"type":"binary-expr","locations":[{"start":{"line":35,"column":11},"end":{"line":35,"column":15}},{"start":{"line":35,"column":19},"end":{"line":35,"column":21}}]},"4":{"line":38,"type":"if","locations":[{"start":{"line":38,"column":2},"end":{"line":38,"column":2}},{"start":{"line":38,"column":2},"end":{"line":38,"column":2}}]},"5":{"line":39,"type":"if","locations":[{"start":{"line":39,"column":4},"end":{"line":39,"column":4}},{"start":{"line":39,"column":4},"end":{"line":39,"column":4}}]},"6":{"line":47,"type":"if","locations":[{"start":{"line":47,"column":2},"end":{"line":47,"column":2}},{"start":{"line":47,"column":2},"end":{"line":47,"column":2}}]},"7":{"line":50,"type":"if","locations":[{"start":{"line":50,"column":2},"end":{"line":50,"column":2}},{"start":{"line":50,"column":2},"end":{"line":50,"column":2}}]},"8":{"line":54,"type":"if","locations":[{"start":{"line":54,"column":2},"end":{"line":54,"column":2}},{"start":{"line":54,"column":2},"end":{"line":54,"column":2}}]},"9":{"line":60,"type":"if","locations":[{"start":{"line":60,"column":2},"end":{"line":60,"column":2}},{"start":{"line":60,"column":2},"end":{"line":60,"column":2}}]},"10":{"line":62,"type":"if","locations":[{"start":{"line":62,"column":9},"end":{"line":62,"column":9}},{"start":{"line":62,"column":9},"end":{"line":62,"column":9}}]},"11":{"line":79,"type":"if","locations":[{"start":{"line":79,"column":4},"end":{"line":79,"column":4}},{"start":{"line":79,"column":4},"end":{"line":79,"column":4}}]},"12":{"line":80,"type":"if","locations":[{"start":{"line":80,"column":6},"end":{"line":80,"column":6}},{"start":{"line":80,"column":6},"end":{"line":80,"column":6}}]},"13":{"line":112,"type":"if","locations":[{"start":{"line":112,"column":2},"end":{"line":112,"column":2}},{"start":{"line":112,"column":2},"end":{"line":112,"column":2}}]},"14":{"line":112,"type":"binary-expr","locations":[{"start":{"line":112,"column":6},"end":{"line":112,"column":24}},{"start":{"line":112,"column":28},"end":{"line":112,"column":54}}]},"15":{"line":115,"type":"if","locations":[{"start":{"line":115,"column":4},"end":{"line":115,"column":4}},{"start":{"line":115,"column":4},"end":{"line":115,"column":4}}]},"16":{"line":117,"type":"if","locations":[{"start":{"line":117,"column":4},"end":{"line":117,"column":4}},{"start":{"line":117,"column":4},"end":{"line":117,"column":4}}]},"17":{"line":117,"type":"binary-expr","locations":[{"start":{"line":117,"column":8},"end":{"line":117,"column":23}},{"start":{"line":117,"column":27},"end":{"line":117,"column":43}}]},"18":{"line":118,"type":"if","locations":[{"start":{"line":118,"column":6},"end":{"line":118,"column":6}},{"start":{"line":118,"column":6},"end":{"line":118,"column":6}}]},"19":{"line":131,"type":"if","locations":[{"start":{"line":131,"column":2},"end":{"line":131,"column":2}},{"start":{"line":131,"column":2},"end":{"line":131,"column":2}}]},"20":{"line":132,"type":"if","locations":[{"start":{"line":132,"column":4},"end":{"line":132,"column":4}},{"start":{"line":132,"column":4},"end":{"line":132,"column":4}}]},"21":{"line":132,"type":"binary-expr","locations":[{"start":{"line":132,"column":8},"end":{"line":132,"column":15}},{"start":{"line":132,"column":19},"end":{"line":132,"column":34}},{"start":{"line":132,"column":38},"end":{"line":132,"column":64}}]},"22":{"line":146,"type":"if","locations":[{"start":{"line":146,"column":2},"end":{"line":146,"column":2}},{"start":{"line":146,"column":2},"end":{"line":146,"column":2}}]}},"code":["/**"," * Jenkins client (papi)"," */","","'use strict';","","/**"," * Module dependencies."," */","","var papi = require('papi');","var util = require('util');","","var Build = require('./build').Build;","var CrumbIssuer = require('./crumb_issuer').CrumbIssuer;","var Job = require('./job').Job;","var Node = require('./node').Node;","var Queue = require('./queue').Queue;","var View = require('./view').View;","var middleware = require('./middleware');","var utils = require('./utils');","","/**"," * Initialize a new `Jenkins` client."," */","","function Jenkins(opts) {","  if (!(this instanceof Jenkins)) {","    return new Jenkins(opts);","  }","","  if (typeof opts === 'string') {","    opts = { baseUrl: opts };","  } else {","    opts = opts || {};","  }","","  if (!opts.baseUrl) {","    if (opts.url) {","      opts.baseUrl = opts.url;","      delete opts.url;","    } else {","      throw new Error('baseUrl required');","    }","  }","","  if (!opts.headers) {","    opts.headers = {};","  }","  if (!opts.headers.referer) {","    opts.headers.referer = opts.baseUrl + '/';","  }","","  if (opts.request) {","    throw new Error('request not longer supported');","  }","","  opts.name = 'jenkins';","","  if (typeof opts.crumbIssuer === 'function') {","    this._crumbIssuer = opts.crumbIssuer;","  } else if (opts.crumbIssuer === true) {","    this._crumbIssuer = utils.crumbIssuer;","  }","","  papi.Client.call(this, opts);","","  this._ext('onCreate', this._onCreate);","  this._ext('onResponse', this._onResponse);","","  this.build = new Jenkins.Build(this);","  this.crumbIssuer = new Jenkins.CrumbIssuer(this);","  this.job = new Jenkins.Job(this);","  this.node = new Jenkins.Node(this);","  this.queue = new Jenkins.Queue(this);","  this.view = new Jenkins.View(this);","","  try {","    if (opts.promisify) {","      if (typeof opts.promisify === 'function') {","        papi.tools.promisify(this, opts.promisify);","      } else {","        papi.tools.promisify(this);","      }","    }","  } catch (err) {","    err.message = 'promisify: ' + err.message;","    throw err;","  }","}","","util.inherits(Jenkins, papi.Client);","","Jenkins.Build = Build;","Jenkins.CrumbIssuer = CrumbIssuer;","Jenkins.Job = Job;","Jenkins.Node = Node;","Jenkins.Queue = Queue;","Jenkins.View = View;","","/**"," * Object meta"," */","","Jenkins.meta = {};","","/**"," * Inject CSRF Protection crumb into POST requests"," */","","Jenkins.prototype._onCreate = function(ctx, next) {","  if (!this._crumbIssuer || ctx.opts.method !== 'POST') return next();","","  this._crumbIssuer(this, function(err, data) {","    if (err) return next(err);","","    if (data.headerName && data.headerValue) {","      if (!ctx.opts.headers) ctx.opts.headers = {};","      ctx.opts.headers[data.headerName] = data.headerValue;","    }","","    next();","  });","};","","/**"," * Handle responses."," */","","Jenkins.prototype._onResponse = function(ctx, next) {","  if (ctx.err) {","    if (ctx.res && ctx.res.headers && ctx.res.headers['x-error']) {","      ctx.err.message = ctx.res.headers['x-error'].replace(/\\?/g, '\"');","    }","    ctx.err.res = ctx.res;","  }","","  next();","};","","/**"," * Jenkins info"," */","","Jenkins.prototype.info = function(opts, callback) {","  if (typeof opts === 'function') {","    callback = opts;","    opts = {};","  }","","  this._log(['debug', 'info'], opts);","","  var req = {","    name: 'info',","    path: '/api/json',","  };","","  utils.options(req, opts);","","  return this._get(req, middleware.body, callback);","};","","Jenkins.prototype.get = Jenkins.prototype.info;","","/**"," * Walk methods"," */","","Jenkins.meta.walk = { type: 'sync' };","","Jenkins.walk = Jenkins.prototype.walk = function() {","  return papi.tools.walk(Jenkins);","};","","/**"," * Module exports."," */","","exports.Jenkins = Jenkins;",""],"l":{"11":1,"12":1,"14":1,"15":1,"16":1,"17":1,"18":1,"19":1,"20":1,"21":1,"27":1,"28":0,"29":0,"32":0,"33":0,"35":0,"38":0,"39":0,"40":0,"41":0,"43":0,"47":0,"48":0,"50":0,"51":0,"54":0,"55":0,"58":0,"60":0,"61":0,"62":0,"63":0,"66":0,"68":0,"69":0,"71":0,"72":0,"73":0,"74":0,"75":0,"76":0,"78":0,"79":0,"80":0,"81":0,"83":0,"87":0,"88":0,"92":1,"94":1,"95":1,"96":1,"97":1,"98":1,"99":1,"105":1,"111":1,"112":0,"114":0,"115":0,"117":0,"118":0,"119":0,"122":0,"130":1,"131":0,"132":0,"133":0,"135":0,"138":0,"145":1,"146":0,"147":0,"148":0,"151":0,"153":0,"158":0,"160":0,"163":1,"169":1,"171":1,"172":0,"179":1}},"/home/travis/build/npmtest/node-npmtest-jenkins/node_modules/jenkins/lib/build.js":{"path":"/home/travis/build/npmtest/node-npmtest-jenkins/node_modules/jenkins/lib/build.js","s":{"1":1,"2":1,"3":1,"4":1,"5":0,"6":1,"7":1,"8":0,"9":0,"10":0,"11":0,"12":0,"13":0,"14":0,"15":0,"16":0,"17":0,"18":0,"19":0,"20":0,"21":0,"22":0,"23":0,"24":0,"25":0,"26":0,"27":0,"28":0,"29":0,"30":0,"31":0,"32":0,"33":0,"34":1,"35":0,"36":0,"37":0,"38":0,"39":0,"40":0,"41":0,"42":0,"43":0,"44":0,"45":0,"46":0,"47":0,"48":0,"49":0,"50":0,"51":0,"52":0,"53":0,"54":1,"55":0,"56":0,"57":0,"58":0,"59":0,"60":0,"61":0,"62":0,"63":0,"64":0,"65":0,"66":0,"67":0,"68":0,"69":0,"70":0,"71":0,"72":0,"73":0,"74":0,"75":0,"76":0,"77":0,"78":0,"79":0,"80":0,"81":0,"82":0,"83":0,"84":0,"85":0,"86":0,"87":0,"88":0,"89":0,"90":0,"91":0,"92":0,"93":1,"94":1,"95":0,"96":0,"97":0,"98":0,"99":0,"100":0,"101":0,"102":0,"103":0,"104":0,"105":0,"106":1},"b":{"1":[0,0],"2":[0,0,0],"3":[0,0],"4":[0,0],"5":[0,0],"6":[0,0],"7":[0,0],"8":[0,0],"9":[0,0],"10":[0,0,0],"11":[0,0],"12":[0,0],"13":[0,0],"14":[0,0],"15":[0,0,0],"16":[0,0],"17":[0,0],"18":[0,0],"19":[0,0],"20":[0,0],"21":[0,0],"22":[0,0],"23":[0,0],"24":[0,0],"25":[0,0],"26":[0,0],"27":[0,0],"28":[0,0,0],"29":[0,0],"30":[0,0]},"f":{"1":0,"2":0,"3":0,"4":0,"5":0,"6":0},"fnMap":{"1":{"name":"Build","line":19,"loc":{"start":{"line":19,"column":0},"end":{"line":19,"column":24}}},"2":{"name":"(anonymous_2)","line":33,"loc":{"start":{"line":33,"column":22},"end":{"line":33,"column":47}}},"3":{"name":"(anonymous_3)","line":87,"loc":{"start":{"line":87,"column":23},"end":{"line":87,"column":48}}},"4":{"name":"(anonymous_4)","line":135,"loc":{"start":{"line":135,"column":22},"end":{"line":135,"column":47}}},"5":{"name":"(anonymous_5)","line":184,"loc":{"start":{"line":184,"column":4},"end":{"line":184,"column":24}}},"6":{"name":"(anonymous_6)","line":209,"loc":{"start":{"line":209,"column":28},"end":{"line":209,"column":43}}}},"statementMap":{"1":{"start":{"line":11,"column":0},"end":{"line":11,"column":50}},"2":{"start":{"line":12,"column":0},"end":{"line":12,"column":41}},"3":{"start":{"line":13,"column":0},"end":{"line":13,"column":31}},"4":{"start":{"line":19,"column":0},"end":{"line":21,"column":1}},"5":{"start":{"line":20,"column":2},"end":{"line":20,"column":25}},"6":{"start":{"line":27,"column":0},"end":{"line":27,"column":16}},"7":{"start":{"line":33,"column":0},"end":{"line":81,"column":2}},"8":{"start":{"line":34,"column":2},"end":{"line":34,"column":33}},"9":{"start":{"line":35,"column":2},"end":{"line":35,"column":33}},"10":{"start":{"line":36,"column":2},"end":{"line":36,"column":33}},"11":{"start":{"line":37,"column":2},"end":{"line":37,"column":33}},"12":{"start":{"line":39,"column":2},"end":{"line":52,"column":3}},"13":{"start":{"line":40,"column":4},"end":{"line":46,"column":5}},"14":{"start":{"line":41,"column":6},"end":{"line":41,"column":26}},"15":{"start":{"line":42,"column":6},"end":{"line":42,"column":64}},"16":{"start":{"line":44,"column":6},"end":{"line":44,"column":16}},"17":{"start":{"line":45,"column":6},"end":{"line":45,"column":64}},"18":{"start":{"line":48,"column":4},"end":{"line":48,"column":29}},"19":{"start":{"line":49,"column":4},"end":{"line":49,"column":31}},"20":{"start":{"line":51,"column":4},"end":{"line":51,"column":22}},"21":{"start":{"line":54,"column":2},"end":{"line":54,"column":53}},"22":{"start":{"line":56,"column":2},"end":{"line":56,"column":34}},"23":{"start":{"line":58,"column":2},"end":{"line":58,"column":27}},"24":{"start":{"line":60,"column":2},"end":{"line":73,"column":3}},"25":{"start":{"line":61,"column":4},"end":{"line":61,"column":45}},"26":{"start":{"line":63,"column":4},"end":{"line":63,"column":59}},"27":{"start":{"line":63,"column":26},"end":{"line":63,"column":59}},"28":{"start":{"line":64,"column":4},"end":{"line":64,"column":57}},"29":{"start":{"line":64,"column":22},"end":{"line":64,"column":57}},"30":{"start":{"line":66,"column":4},"end":{"line":66,"column":44}},"31":{"start":{"line":67,"column":4},"end":{"line":70,"column":6}},"32":{"start":{"line":72,"column":4},"end":{"line":72,"column":49}},"33":{"start":{"line":75,"column":2},"end":{"line":80,"column":4}},"34":{"start":{"line":87,"column":0},"end":{"line":129,"column":2}},"35":{"start":{"line":88,"column":2},"end":{"line":88,"column":33}},"36":{"start":{"line":89,"column":2},"end":{"line":89,"column":33}},"37":{"start":{"line":91,"column":2},"end":{"line":99,"column":3}},"38":{"start":{"line":92,"column":4},"end":{"line":95,"column":6}},"39":{"start":{"line":96,"column":4},"end":{"line":96,"column":28}},"40":{"start":{"line":98,"column":4},"end":{"line":98,"column":22}},"41":{"start":{"line":101,"column":2},"end":{"line":101,"column":54}},"42":{"start":{"line":103,"column":2},"end":{"line":103,"column":35}},"43":{"start":{"line":105,"column":2},"end":{"line":105,"column":27}},"44":{"start":{"line":107,"column":2},"end":{"line":120,"column":3}},"45":{"start":{"line":108,"column":4},"end":{"line":108,"column":45}},"46":{"start":{"line":110,"column":4},"end":{"line":110,"column":59}},"47":{"start":{"line":110,"column":26},"end":{"line":110,"column":59}},"48":{"start":{"line":111,"column":4},"end":{"line":111,"column":57}},"49":{"start":{"line":111,"column":22},"end":{"line":111,"column":57}},"50":{"start":{"line":113,"column":4},"end":{"line":113,"column":40}},"51":{"start":{"line":114,"column":4},"end":{"line":117,"column":6}},"52":{"start":{"line":119,"column":4},"end":{"line":119,"column":49}},"53":{"start":{"line":122,"column":2},"end":{"line":128,"column":4}},"54":{"start":{"line":135,"column":0},"end":{"line":201,"column":2}},"55":{"start":{"line":136,"column":2},"end":{"line":136,"column":33}},"56":{"start":{"line":137,"column":2},"end":{"line":137,"column":33}},"57":{"start":{"line":138,"column":2},"end":{"line":138,"column":33}},"58":{"start":{"line":139,"column":2},"end":{"line":139,"column":33}},"59":{"start":{"line":141,"column":2},"end":{"line":154,"column":3}},"60":{"start":{"line":142,"column":4},"end":{"line":148,"column":5}},"61":{"start":{"line":143,"column":6},"end":{"line":143,"column":26}},"62":{"start":{"line":144,"column":6},"end":{"line":144,"column":64}},"63":{"start":{"line":146,"column":6},"end":{"line":146,"column":16}},"64":{"start":{"line":147,"column":6},"end":{"line":147,"column":64}},"65":{"start":{"line":150,"column":4},"end":{"line":150,"column":29}},"66":{"start":{"line":151,"column":4},"end":{"line":151,"column":31}},"67":{"start":{"line":153,"column":4},"end":{"line":153,"column":22}},"68":{"start":{"line":156,"column":2},"end":{"line":156,"column":53}},"69":{"start":{"line":158,"column":2},"end":{"line":158,"column":34}},"70":{"start":{"line":160,"column":2},"end":{"line":160,"column":27}},"71":{"start":{"line":162,"column":2},"end":{"line":179,"column":3}},"72":{"start":{"line":163,"column":4},"end":{"line":163,"column":45}},"73":{"start":{"line":165,"column":4},"end":{"line":165,"column":59}},"74":{"start":{"line":165,"column":26},"end":{"line":165,"column":59}},"75":{"start":{"line":166,"column":4},"end":{"line":166,"column":57}},"76":{"start":{"line":166,"column":22},"end":{"line":166,"column":57}},"77":{"start":{"line":168,"column":4},"end":{"line":168,"column":61}},"78":{"start":{"line":169,"column":4},"end":{"line":173,"column":6}},"79":{"start":{"line":174,"column":4},"end":{"line":174,"column":22}},"80":{"start":{"line":175,"column":4},"end":{"line":175,"column":18}},"81":{"start":{"line":176,"column":4},"end":{"line":176,"column":66}},"82":{"start":{"line":176,"column":38},"end":{"line":176,"column":66}},"83":{"start":{"line":178,"column":4},"end":{"line":178,"column":49}},"84":{"start":{"line":181,"column":2},"end":{"line":200,"column":4}},"85":{"start":{"line":185,"column":6},"end":{"line":185,"column":40}},"86":{"start":{"line":185,"column":19},"end":{"line":185,"column":40}},"87":{"start":{"line":186,"column":6},"end":{"line":186,"column":61}},"88":{"start":{"line":186,"column":22},"end":{"line":186,"column":61}},"89":{"start":{"line":188,"column":6},"end":{"line":191,"column":8}},"90":{"start":{"line":193,"column":6},"end":{"line":195,"column":7}},"91":{"start":{"line":194,"column":8},"end":{"line":194,"column":51}},"92":{"start":{"line":197,"column":6},"end":{"line":197,"column":30}},"93":{"start":{"line":207,"column":0},"end":{"line":207,"column":48}},"94":{"start":{"line":209,"column":0},"end":{"line":228,"column":2}},"95":{"start":{"line":210,"column":2},"end":{"line":210,"column":33}},"96":{"start":{"line":211,"column":2},"end":{"line":211,"column":33}},"97":{"start":{"line":212,"column":2},"end":{"line":212,"column":33}},"98":{"start":{"line":214,"column":2},"end":{"line":225,"column":3}},"99":{"start":{"line":215,"column":4},"end":{"line":219,"column":5}},"100":{"start":{"line":216,"column":6},"end":{"line":216,"column":26}},"101":{"start":{"line":218,"column":6},"end":{"line":218,"column":16}},"102":{"start":{"line":221,"column":4},"end":{"line":221,"column":29}},"103":{"start":{"line":222,"column":4},"end":{"line":222,"column":31}},"104":{"start":{"line":224,"column":4},"end":{"line":224,"column":22}},"105":{"start":{"line":227,"column":2},"end":{"line":227,"column":43}},"106":{"start":{"line":234,"column":0},"end":{"line":234,"column":22}}},"branchMap":{"1":{"line":39,"type":"if","locations":[{"start":{"line":39,"column":2},"end":{"line":39,"column":2}},{"start":{"line":39,"column":2},"end":{"line":39,"column":2}}]},"2":{"line":39,"type":"binary-expr","locations":[{"start":{"line":39,"column":6},"end":{"line":39,"column":23}},{"start":{"line":39,"column":28},"end":{"line":39,"column":45}},{"start":{"line":39,"column":49},"end":{"line":39,"column":66}}]},"3":{"line":40,"type":"if","locations":[{"start":{"line":40,"column":4},"end":{"line":40,"column":4}},{"start":{"line":40,"column":4},"end":{"line":40,"column":4}}]},"4":{"line":42,"type":"cond-expr","locations":[{"start":{"line":42,"column":39},"end":{"line":42,"column":51}},{"start":{"line":42,"column":54},"end":{"line":42,"column":63}}]},"5":{"line":45,"type":"cond-expr","locations":[{"start":{"line":45,"column":39},"end":{"line":45,"column":51}},{"start":{"line":45,"column":54},"end":{"line":45,"column":63}}]},"6":{"line":51,"type":"binary-expr","locations":[{"start":{"line":51,"column":11},"end":{"line":51,"column":15}},{"start":{"line":51,"column":19},"end":{"line":51,"column":21}}]},"7":{"line":63,"type":"if","locations":[{"start":{"line":63,"column":4},"end":{"line":63,"column":4}},{"start":{"line":63,"column":4},"end":{"line":63,"column":4}}]},"8":{"line":64,"type":"if","locations":[{"start":{"line":64,"column":4},"end":{"line":64,"column":4}},{"start":{"line":64,"column":4},"end":{"line":64,"column":4}}]},"9":{"line":91,"type":"if","locations":[{"start":{"line":91,"column":2},"end":{"line":91,"column":2}},{"start":{"line":91,"column":2},"end":{"line":91,"column":2}}]},"10":{"line":91,"type":"binary-expr","locations":[{"start":{"line":91,"column":6},"end":{"line":91,"column":23}},{"start":{"line":91,"column":28},"end":{"line":91,"column":45}},{"start":{"line":91,"column":49},"end":{"line":91,"column":66}}]},"11":{"line":98,"type":"binary-expr","locations":[{"start":{"line":98,"column":11},"end":{"line":98,"column":15}},{"start":{"line":98,"column":19},"end":{"line":98,"column":21}}]},"12":{"line":110,"type":"if","locations":[{"start":{"line":110,"column":4},"end":{"line":110,"column":4}},{"start":{"line":110,"column":4},"end":{"line":110,"column":4}}]},"13":{"line":111,"type":"if","locations":[{"start":{"line":111,"column":4},"end":{"line":111,"column":4}},{"start":{"line":111,"column":4},"end":{"line":111,"column":4}}]},"14":{"line":141,"type":"if","locations":[{"start":{"line":141,"column":2},"end":{"line":141,"column":2}},{"start":{"line":141,"column":2},"end":{"line":141,"column":2}}]},"15":{"line":141,"type":"binary-expr","locations":[{"start":{"line":141,"column":6},"end":{"line":141,"column":23}},{"start":{"line":141,"column":28},"end":{"line":141,"column":45}},{"start":{"line":141,"column":49},"end":{"line":141,"column":66}}]},"16":{"line":142,"type":"if","locations":[{"start":{"line":142,"column":4},"end":{"line":142,"column":4}},{"start":{"line":142,"column":4},"end":{"line":142,"column":4}}]},"17":{"line":144,"type":"cond-expr","locations":[{"start":{"line":144,"column":39},"end":{"line":144,"column":51}},{"start":{"line":144,"column":54},"end":{"line":144,"column":63}}]},"18":{"line":147,"type":"cond-expr","locations":[{"start":{"line":147,"column":39},"end":{"line":147,"column":51}},{"start":{"line":147,"column":54},"end":{"line":147,"column":63}}]},"19":{"line":153,"type":"binary-expr","locations":[{"start":{"line":153,"column":11},"end":{"line":153,"column":15}},{"start":{"line":153,"column":19},"end":{"line":153,"column":21}}]},"20":{"line":165,"type":"if","locations":[{"start":{"line":165,"column":4},"end":{"line":165,"column":4}},{"start":{"line":165,"column":4},
[...]
end":{"line":382,"column":62}},"164":{"start":{"line":385,"column":2},"end":{"line":385,"column":20}},"165":{"start":{"line":387,"column":2},"end":{"line":387,"column":55}},"166":{"start":{"line":389,"column":2},"end":{"line":395,"column":4}},"167":{"start":{"line":397,"column":2},"end":{"line":397,"column":27}},"168":{"start":{"line":399,"column":2},"end":{"line":408,"column":3}},"169":{"start":{"line":400,"column":4},"end":{"line":400,"column":45}},"170":{"start":{"line":402,"column":4},"end":{"line":402,"column":59}},"171":{"start":{"line":402,"column":26},"end":{"line":402,"column":59}},"172":{"start":{"line":403,"column":4},"end":{"line":403,"column":51}},"173":{"start":{"line":403,"column":19},"end":{"line":403,"column":51}},"174":{"start":{"line":405,"column":4},"end":{"line":405,"column":60}},"175":{"start":{"line":407,"column":4},"end":{"line":407,"column":49}},"176":{"start":{"line":410,"column":2},"end":{"line":414,"column":4}},"177":{"start":{"line":421,"column":0},"end":{"line":421,"column":20}}},"branchMap":{"1":{"line":37,"type":"if","locations":[{"start":{"line":37,"column":2},"end":{"line":37,"column":2}},{"start":{"line":37,"column":2},"end":{"line":37,"column":2}}]},"2":{"line":37,"type":"binary-expr","locations":[{"start":{"line":37,"column":6},"end":{"line":37,"column":23}},{"start":{"line":37,"column":27},"end":{"line":37,"column":44}}]},"3":{"line":42,"type":"cond-expr","locations":[{"start":{"line":42,"column":37},"end":{"line":42,"column":49}},{"start":{"line":42,"column":52},"end":{"line":42,"column":61}}]},"4":{"line":43,"type":"if","locations":[{"start":{"line":43,"column":9},"end":{"line":43,"column":9}},{"start":{"line":43,"column":9},"end":{"line":43,"column":9}}]},"5":{"line":50,"type":"binary-expr","locations":[{"start":{"line":50,"column":9},"end":{"line":50,"column":13}},{"start":{"line":50,"column":17},"end":{"line":50,"column":19}}]},"6":{"line":65,"type":"binary-expr","locations":[{"start":{"line":65,"column":15},"end":{"line":65,"column":35}},{"start":{"line":65,"column":39},"end":{"line":65,"column":48}}]},"7":{"line":67,"type":"if","locations":[{"start":{"line":67,"column":4},"end":{"line":67,"column":4}},{"start":{"line":67,"column":4},"end":{"line":67,"column":4}}]},"8":{"line":68,"type":"if","locations":[{"start":{"line":68,"column":4},"end":{"line":68,"column":4}},{"start":{"line":68,"column":4},"end":{"line":68,"column":4}}]},"9":{"line":102,"type":"if","locations":[{"start":{"line":102,"column":2},"end":{"line":102,"column":2}},{"start":{"line":102,"column":2},"end":{"line":102,"column":2}}]},"10":{"line":104,"type":"if","locations":[{"start":{"line":104,"column":4},"end":{"line":104,"column":4}},{"start":{"line":104,"column":4},"end":{"line":104,"column":4}}]},"11":{"line":106,"type":"cond-expr","locations":[{"start":{"line":106,"column":39},"end":{"line":106,"column":51}},{"start":{"line":106,"column":54},"end":{"line":106,"column":63}}]},"12":{"line":108,"type":"cond-expr","locations":[{"start":{"line":108,"column":39},"end":{"line":108,"column":51}},{"start":{"line":108,"column":54},"end":{"line":108,"column":63}}]},"13":{"line":112,"type":"binary-expr","locations":[{"start":{"line":112,"column":9},"end":{"line":112,"column":13}},{"start":{"line":112,"column":17},"end":{"line":112,"column":19}}]},"14":{"line":126,"type":"if","locations":[{"start":{"line":126,"column":4},"end":{"line":126,"column":4}},{"start":{"line":126,"column":4},"end":{"line":126,"column":4}}]},"15":{"line":130,"type":"if","locations":[{"start":{"line":130,"column":4},"end":{"line":130,"column":4}},{"start":{"line":130,"column":4},"end":{"line":130,"column":4}}]},"16":{"line":145,"type":"if","locations":[{"start":{"line":145,"column":6},"end":{"line":145,"column":6}},{"start":{"line":145,"column":6},"end":{"line":145,"column":6}}]},"17":{"line":145,"type":"binary-expr","locations":[{"start":{"line":145,"column":10},"end":{"line":145,"column":17}},{"start":{"line":145,"column":21},"end":{"line":145,"column":29}}]},"18":{"line":158,"type":"if","locations":[{"start":{"line":158,"column":2},"end":{"line":158,"column":2}},{"start":{"line":158,"column":2},"end":{"line":158,"column":2}}]},"19":{"line":161,"type":"binary-expr","locations":[{"start":{"line":161,"column":11},"end":{"line":161,"column":15}},{"start":{"line":161,"column":19},"end":{"line":161,"column":21}}]},"20":{"line":173,"type":"if","locations":[{"start":{"line":173,"column":4},"end":{"line":173,"column":4}},{"start":{"line":173,"column":4},"end":{"line":173,"column":4}}]},"21":{"line":199,"type":"if","locations":[{"start":{"line":199,"column":2},"end":{"line":199,"column":2}},{"start":{"line":199,"column":2},"end":{"line":199,"column":2}}]},"22":{"line":202,"type":"binary-expr","locations":[{"start":{"line":202,"column":11},"end":{"line":202,"column":15}},{"start":{"line":202,"column":19},"end":{"line":202,"column":21}}]},"23":{"line":214,"type":"if","locations":[{"start":{"line":214,"column":4},"end":{"line":214,"column":4}},{"start":{"line":214,"column":4},"end":{"line":214,"column":4}}]},"24":{"line":234,"type":"if","locations":[{"start":{"line":234,"column":2},"end":{"line":234,"column":2}},{"start":{"line":234,"column":2},"end":{"line":234,"column":2}}]},"25":{"line":235,"type":"if","locations":[{"start":{"line":235,"column":4},"end":{"line":235,"column":4}},{"start":{"line":235,"column":4},"end":{"line":235,"column":4}}]},"26":{"line":237,"type":"cond-expr","locations":[{"start":{"line":237,"column":39},"end":{"line":237,"column":51}},{"start":{"line":237,"column":54},"end":{"line":237,"column":63}}]},"27":{"line":240,"type":"cond-expr","locations":[{"start":{"line":240,"column":39},"end":{"line":240,"column":51}},{"start":{"line":240,"column":54},"end":{"line":240,"column":63}}]},"28":{"line":244,"type":"binary-expr","locations":[{"start":{"line":244,"column":11},"end":{"line":244,"column":15}},{"start":{"line":244,"column":19},"end":{"line":244,"column":21}}]},"29":{"line":256,"type":"if","locations":[{"start":{"line":256,"column":4},"end":{"line":256,"column":4}},{"start":{"line":256,"column":4},"end":{"line":256,"column":4}}]},"30":{"line":277,"type":"if","locations":[{"start":{"line":277,"column":2},"end":{"line":277,"column":2}},{"start":{"line":277,"column":2},"end":{"line":277,"column":2}}]},"31":{"line":280,"type":"if","locations":[{"start":{"line":280,"column":9},"end":{"line":280,"column":9}},{"start":{"line":280,"column":9},"end":{"line":280,"column":9}}]},"32":{"line":283,"type":"binary-expr","locations":[{"start":{"line":283,"column":11},"end":{"line":283,"column":15}},{"start":{"line":283,"column":19},"end":{"line":283,"column":21}}]},"33":{"line":306,"type":"if","locations":[{"start":{"line":306,"column":6},"end":{"line":306,"column":6}},{"start":{"line":306,"column":6},"end":{"line":306,"column":6}}]},"34":{"line":308,"type":"if","locations":[{"start":{"line":308,"column":6},"end":{"line":308,"column":6}},{"start":{"line":308,"column":6},"end":{"line":308,"column":6}}]},"35":{"line":308,"type":"binary-expr","locations":[{"start":{"line":308,"column":10},"end":{"line":308,"column":23}},{"start":{"line":308,"column":27},"end":{"line":308,"column":61}}]},"36":{"line":328,"type":"if","locations":[{"start":{"line":328,"column":2},"end":{"line":328,"column":2}},{"start":{"line":328,"column":2},"end":{"line":328,"column":2}}]},"37":{"line":328,"type":"binary-expr","locations":[{"start":{"line":328,"column":6},"end":{"line":328,"column":23}},{"start":{"line":328,"column":27},"end":{"line":328,"column":44}}]},"38":{"line":333,"type":"cond-expr","locations":[{"start":{"line":333,"column":37},"end":{"line":333,"column":49}},{"start":{"line":333,"column":52},"end":{"line":333,"column":61}}]},"39":{"line":336,"type":"binary-expr","locations":[{"start":{"line":336,"column":9},"end":{"line":336,"column":13}},{"start":{"line":336,"column":17},"end":{"line":336,"column":19}}]},"40":{"line":353,"type":"if","locations":[{"start":{"line":353,"column":4},"end":{"line":353,"column":4}},{"start":{"line":353,"column":4},"end":{"line":353,"column":4}}]},"41":{"line":354,"type":"if","locations":[{"start":{"line":354,"column":4},"end":{"line":354,"column":4}},{"start":{"line":354,"column":4},"end":{"line":354,"column":4}}]},"42":{"line":377,"type":"if","locations":[{"start":{"line":377,"column":2},"end":{"line":377,"column":2}},{"start":{"line":377,"column":2},"end":{"line":377,"column":2}}]},"43":{"line":377,"type":"binary-expr","locations":[{"start":{"line":377,"column":6},"end":{"line":377,"column":23}},{"start":{"line":377,"column":27},"end":{"line":377,"column":44}}]},"44":{"line":382,"type":"cond-expr","locations":[{"start":{"line":382,"column":37},"end":{"line":382,"column":49}},{"start":{"line":382,"column":52},"end":{"line":382,"column":61}}]},"45":{"line":385,"type":"binary-expr","locations":[{"start":{"line":385,"column":9},"end":{"line":385,"column":13}},{"start":{"line":385,"column":17},"end":{"line":385,"column":19}}]},"46":{"line":402,"type":"if","locations":[{"start":{"line":402,"column":4},"end":{"line":402,"column":4}},{"start":{"line":402,"column":4},"end":{"line":402,"column":4}}]},"47":{"line":403,"type":"if","locations":[{"start":{"line":403,"column":4},"end":{"line":403,"column":4}},{"start":{"line":403,"column":4},"end":{"line":403,"column":4}}]}},"code":["/**"," * View client"," */","","'use strict';","","/**"," * Module dependencies."," */","","var middleware = require('./middleware');","var utils = require('./utils');","","/**"," * Initialize a new `View` client."," */","","function View(jenkins) {","  this.jenkins = jenkins;","}","","/**"," * Object meta"," */","","View.meta = {};","","/**"," * Create new view"," */","","View.prototype.create = function(opts, callback) {","  var arg0 = typeof arguments[0];","  var arg1 = typeof arguments[1];","  var arg2 = typeof arguments[2];","","  if (arg0 === 'string' && arg1 === 'string') {","    opts = {","      name: arguments[0],","      type: arguments[1],","    };","    callback = arg2 === 'function' ? arguments[2] : undefined;","  } else if (arg0 === 'string') {","    opts = {","      name: arguments[0],","      type: 'list',","    };","  }","","  opts = opts || {};","","  this.jenkins._log(['debug', 'view', 'create'], opts);","","  var req = { name: 'view.create' };","","  utils.options(req, opts);","","  var shortcuts = {","    list: 'hudson.model.ListView',","    my: 'hudson.model.MyView',","  };","","  try {","    var folder = utils.FolderPath(opts.name);","    var mode = shortcuts[opts.type] || opts.type;","","    if (folder.isEmpty()) throw new Error('name required');","    if (!opts.type) throw new Error('type required');","","    req.path = '{dir}/createView';","    req.type = 'form';","    req.params = { dir: folder.dir() };","    req.body = {","      name: folder.name(),","      mode: mode,","      json: JSON.stringify({","        name: folder.name(),","        mode: mode,","      }),","    };","  } catch (err) {","    return callback(this.jenkins._err(err, req));","  }","","  return this.jenkins._post(","    req,","    middleware.require302('failed to create: ' + opts.name),","    middleware.empty,","    callback","  );","};","","/**"," * Config list view"," */","","View.prototype.config = function(opts, callback) {","  var arg0 = typeof arguments[0];","  var arg1 = typeof arguments[1];","  var arg2 = typeof arguments[2];","","  if (arg0 === 'string') {","    opts = { name: arguments[0] };","    if (arg1 === 'string') {","      opts.xml = arguments[1];","      callback = arg2 === 'function' ? arguments[2] : undefined;","    } else {","      callback = arg1 === 'function' ? arguments[1] : undefined;","    }","  }","","  opts = opts || {};","","  this.jenkins._log(['debug', 'view', 'config'], opts);","","  var req = {","    path: '{dir}/view/{name}/config.xml',","    name: 'view.config',","  };","","  utils.options(req, opts);","","  try {","    var folder = utils.FolderPath(opts.name);","","    if (folder.isEmpty()) throw new Error('name required');","","    req.params = { dir: folder.dir(), name: folder.name() };","","    if (opts.xml) {","      req.method = 'POST';","      req.headers = { 'content-type': 'text/xml' };","      req.body = new Buffer(opts.xml);","    } else {","      req.method = 'GET';","    }","  } catch (err) {","    return callback(this.jenkins._err(err, req));","  }","","  return this.jenkins._request(","    req,","    middleware.notFound('view ' + opts.name),","    function(ctx, next) {","      if (ctx.err || opts.xml) return middleware.empty(ctx, next);","","      next(false, null, ctx.res.body.toString('utf8'));","    },","    callback","  );","};","","/**"," * Destroy view"," */","","View.prototype.destroy = function(opts, callback) {","  if (typeof opts === 'string') {","    opts = { name: opts };","  } else {","    opts = opts || {};","  }","","  this.jenkins._log(['debug', 'view', 'destroy'], opts);","","  var req = { name: 'view.destroy' };","","  utils.options(req, opts);","","  try {","    var folder = utils.FolderPath(opts.name);","","    if (folder.isEmpty()) throw new Error('name required');","","    req.path = '{dir}/view/{name}/doDelete';","    req.params = { dir: folder.dir(), name: folder.name() };","  } catch (err) {","    return callback(this.jenkins._err(err, req));","  }","","  return this.jenkins._post(","    req,","    middleware.notFound(opts.name),","    middleware.require302('failed to delete: ' + opts.name),","    middleware.empty,","    callback","  );","};","","View.meta.delete = { type: 'alias' };","","View.prototype.delete = View.prototype.destroy;","","/**"," * View exists"," */","","View.prototype.exists = function(opts, callback) {","  if (typeof opts === 'string') {","    opts = { name: opts };","  } else {","    opts = opts || {};","  }","","  this.jenkins._log(['debug', 'view', 'exists'], opts);","","  var req = { name: 'view.exists' };","","  utils.options(req, opts);","","  try {","    var folder = utils.FolderPath(opts.name);","","    if (folder.isEmpty()) throw new Error('name required');","","    req.path = '{dir}/view/{name}/api/json';","    req.params = { dir: folder.dir(), name: folder.name() };","  } catch (err) {","    return callback(this.jenkins._err(err, req));","  }","","  return this.jenkins._head(req, middleware.exists, callback);","};","","/**"," * View details"," */","","View.prototype.get = function(opts, callback) {","  var arg0 = typeof arguments[0];","  var arg1 = typeof arguments[1];","  var arg2 = typeof arguments[2];","","  if (arg0 === 'string') {","    if (arg1 === 'object') {","      opts = arguments[1];","      callback = arg2 === 'function' ? arguments[2] : undefined;","    } else {","      opts = {};","      callback = arg1 === 'function' ? arguments[1] : undefined;","    }","    opts.name = arguments[0];","  } else {","    opts = opts || {};","  }","","  this.jenkins._log(['debug', 'view', 'get'], opts);","","  var req = { name: 'view.get' };","","  utils.options(req, opts);","","  try {","    var folder = utils.FolderPath(opts.name);","","    if (folder.isEmpty()) throw new Error('name required');","","    req.path = '{dir}/view/{name}/api/json';","    req.params = { dir: folder.dir(), name: folder.name() };","  } catch (err) {","    return callback(this.jenkins._err(err, req));","  }","","  return this.jenkins._get(","    req,","    middleware.notFound(opts.name),","    middleware.body,","    callback","  );","};","","/**"," * List views"," */","","View.prototype.list = function(opts, callback) {","  if (typeof opts === 'function') {","    callback = opts;","    opts = {};","  } else if (typeof opts === 'string') {","    opts = { name: opts };","  } else {","    opts = opts || {};","  }","","  this.jenkins._log(['debug', 'view', 'list'], opts);","","  var req = {","    name: 'view.list',","    path: '{folder}/api/json',","  };","","  try {","    var folder = utils.FolderPath(opts.name);","","    req.params = { folder: folder.path() };","  } catch (err) {","    return callback(this.jenkins._err(err, req));","  }","","  utils.options(req, opts);","","  return this.jenkins._get(","    req,","    function(ctx, next) {","      if (ctx.err) return next();","","      if (!ctx.res.body || !Array.isArray(ctx.res.body.views)) {","        ctx.err = new Error('returned bad data');","      }","","      next();","    },","    middleware.bodyItem('views'),","    callback","  );","};","","/**"," * Add job"," */","","View.prototype.add = function(opts, callback) {","  var arg0 = typeof arguments[0];","  var arg1 = typeof arguments[1];","  var arg2 = typeof arguments[2];","","  if (arg0 === 'string' && arg1 === 'string') {","    opts = {","      name: arguments[0],","      job: arguments[1],","    };","    callback = arg2 === 'function' ? arguments[2] : undefined;","  }","","  opts = opts || {};","","  this.jenkins._log(['debug', 'view', 'add'], opts);","","  var req = {","    path: '{dir}/view/{name}/addJobToView',","    query: { name: opts.job },","    type: 'form',","    name: 'view.add',","    body: {},","  };","","  utils.options(req, opts);","","  try {","    var folder = utils.FolderPath(opts.name);","","    if (folder.isEmpty()) throw new Error('name required');","    if (!opts.job) throw new Error('job required');","","    req.params = { dir: folder.dir(), name: folder.name() };","  } catch (err) {","    return callback(this.jenkins._err(err, req));","  }","","  return this.jenkins._post(","    req,","    middleware.empty,","    callback","  );","};","","/**"," * Remove job"," */","","View.prototype.remove = function(opts, callback) {","  var arg0 = typeof arguments[0];","  var arg1 = typeof arguments[1];","  var arg2 = typeof arguments[2];","","  if (arg0 === 'string' && arg1 === 'string') {","    opts = {","      name: arguments[0],","      job: arguments[1],","    };","    callback = arg2 === 'function' ? arguments[2] : undefined;","  }","","  opts = opts || {};","","  this.jenkins._log(['debug', 'view', 'remove'], opts);","","  var req = {","    path: '{dir}/view/{name}/removeJobFromView',","    query: { name: opts.job },","    type: 'form',","    name: 'view.remove',","    body: {},","  };","","  utils.options(req, opts);","","  try {","    var folder = utils.FolderPath(opts.name);","","    if (folder.isEmpty()) throw new Error('name required');","    if (!opts.job) throw new Error('job required');","","    req.params = { dir: folder.dir(), name: folder.name() };","  } catch (err) {","    return callback(this.jenkins._err(err, req));","  }","","  return this.jenkins._post(","    req,","    middleware.empty,","    callback","  );","};","","/**"," * Module exports."," */","","exports.View = View;",""],"l":{"11":1,"12":1,"18":1,"19":0,"26":1,"32":1,"33":0,"34":0,"35":0,"37":0,"38":0,"42":0,"43":0,"44":0,"50":0,"52":0,"54":0,"56":0,"58":0,"63":0,"64":0,"65":0,"67":0,"68":0,"70":0,"71":0,"72":0,"73":0,"82":0,"85":0,"97":1,"98":0,"99":0,"100":0,"102":0,"103":0,"104":0,"105":0,"106":0,"108":0,"112":0,"114":0,"116":0,"121":0,"123":0,"124":0,"126":0,"128":0,"130":0,"131":0,"132":0,"133":0,"135":0,"138":0,"141":0,"145":0,"147":0,"157":1,"158":0,"159":0,"161":0,"164":0,"166":0,"168":0,"170":0,"171":0,"173":0,"175":0,"176":0,"178":0,"181":0,"190":1,"192":1,"198":1,"199":0,"200":0,"202":0,"205":0,"207":0,"209":0,"211":0,"212":0,"214":0,"216":0,"217":0,"219":0,"222":0,"229":1,"230":0,"231":0,"232":0,"234":0,"235":0,"236":0,"237":0,"239":0,"240":0,"242":0,"244":0,"247":0,"249":0,"251":0,"253":0,"254":0,"256":0,"258":0,"259":0,"261":0,"264":0,"276":1,"277":0,"278":0,"279":0,"280":0,"281":0,"283":0,"286":0,"288":0,"293":0,"294":0,"296":0,"298":0,"301":0,"303":0,"306":0,"308":0,"309":0,"312":0,"323":1,"324":0,"325":0,"326":0,"328":0,"329":0,"333":0,"336":0,"338":0,"340":0,"348":0,"350":0,"351":0,"353":0,"354":0,"356":0,"358":0,"361":0,"372":1,"373":0,"374":0,"375":0,"377":0,"378":0,"382":0,"385":0,"387":0,"389":0,"397":0,"399":0,"400":0,"402":0,"403":0,"405":0,"407":0,"410":0,"421":1}}}